2012-07-09 15:56:45 Error: [MissingControllerException] Controller class UsersController could not be found.
#0 C:\wamp\www\cakephp2.1.3\app\webroot\index.php(92): Dispatcher->dispatch(Object(CakeRequest), Object(CakeResponse))
#1 {main}
2012-10-02 21:22:39 Error: [MissingControllerException] Controller class JewelryScrapController could not be found.
#0 C:\wamp\www\cakephp2.1.3\app\webroot\index.php(92): Dispatcher->dispatch(Object(CakeRequest), Object(CakeResponse))
#1 {main}
2014-03-25 16:44:54 Error: [MissingControllerException] Controller class AccommodationsController could not be found.
#0 C:\wamp\www\cakephp2.1.3\finn_cars\webroot\index.php(92): Dispatcher->dispatch(Object(CakeRequest), Object(CakeResponse))
#1 {main}
2014-03-25 17:26:18 Error: [MissingTableException] Table accommodations for model Accommodation was not found in datasource default.
#0 C:\wamp\www\cakephp2.1.3\lib\Cake\Model\Model.php(3443): Model->setSource('accommodations')
#1 C:\wamp\www\cakephp2.1.3\lib\Cake\Model\Model.php(2698): Model->getDataSource()
#2 C:\wamp\www\cakephp2.1.3\finn_cars\Controller\ScrappersController.php(24): Model->find('all', Array)
#3 [internal function]: ScrappersController->mega_scrap()
#4 C:\wamp\www\cakephp2.1.3\lib\Cake\Controller\Controller.php(485): ReflectionMethod->invokeArgs(Object(ScrappersController), Array)
#5 C:\wamp\www\cakephp2.1.3\lib\Cake\Routing\Dispatcher.php(103): Controller->invokeAction(Object(CakeRequest))
#6 C:\wamp\www\cakephp2.1.3\lib\Cake\Routing\Dispatcher.php(85): Dispatcher->_invoke(Object(ScrappersController), Object(CakeRequest), Object(CakeResponse))
#7 C:\wamp\www\cakephp2.1.3\finn_cars\webroot\index.php(92): Dispatcher->dispatch(Object(CakeRequest), Object(CakeResponse))
#8 {main}
2014-03-25 17:28:16 Error: [MissingTableException] Table accommodations for model Accommodation was not found in datasource default.
#0 C:\wamp\www\cakephp2.1.3\lib\Cake\Model\Model.php(3443): Model->setSource('accommodations')
#1 C:\wamp\www\cakephp2.1.3\lib\Cake\Model\Model.php(2698): Model->getDataSource()
#2 C:\wamp\www\cakephp2.1.3\finn_cars\Controller\ScrappersController.php(24): Model->find('all', Array)
#3 [internal function]: ScrappersController->mega_scrap()
#4 C:\wamp\www\cakephp2.1.3\lib\Cake\Controller\Controller.php(485): ReflectionMethod->invokeArgs(Object(ScrappersController), Array)
#5 C:\wamp\www\cakephp2.1.3\lib\Cake\Routing\Dispatcher.php(103): Controller->invokeAction(Object(CakeRequest))
#6 C:\wamp\www\cakephp2.1.3\lib\Cake\Routing\Dispatcher.php(85): Dispatcher->_invoke(Object(ScrappersController), Object(CakeRequest), Object(CakeResponse))
#7 C:\wamp\www\cakephp2.1.3\finn_cars\webroot\index.php(92): Dispatcher->dispatch(Object(CakeRequest), Object(CakeResponse))
#8 {main}
2014-03-26 09:36:43 Error: [PDOException] SQLSTATE[23000]: Integrity constraint violation: 1048 Column 'color_description' cannot be null
#0 C:\wamp\www\cakephp2.1.3\lib\Cake\Model\Datasource\DboSource.php(437): PDOStatement->execute(Array)
#1 C:\wamp\www\cakephp2.1.3\lib\Cake\Model\Datasource\DboSource.php(403): DboSource->_execute('INSERT INTO `ca...', Array)
#2 C:\wamp\www\cakephp2.1.3\lib\Cake\Model\Datasource\DboSource.php(985): DboSource->execute('INSERT INTO `ca...')
#3 C:\wamp\www\cakephp2.1.3\lib\Cake\Model\Model.php(1721): DboSource->create(Object(AppModel), Array, Array)
#4 C:\wamp\www\cakephp2.1.3\finn_cars\Controller\ScrappersController.php(32): Model->save(Array)
#5 [internal function]: ScrappersController->mega_scrap()
#6 C:\wamp\www\cakephp2.1.3\lib\Cake\Controller\Controller.php(485): ReflectionMethod->invokeArgs(Object(ScrappersController), Array)
#7 C:\wamp\www\cakephp2.1.3\lib\Cake\Routing\Dispatcher.php(103): Controller->invokeAction(Object(CakeRequest))
#8 C:\wamp\www\cakephp2.1.3\lib\Cake\Routing\Dispatcher.php(85): Dispatcher->_invoke(Object(ScrappersController), Object(CakeRequest), Object(CakeResponse))
#9 C:\wamp\www\cakephp2.1.3\finn_cars\webroot\index.php(92): Dispatcher->dispatch(Object(CakeRequest), Object(CakeResponse))
#10 {main}
2014-03-26 09:38:26 Error: [PDOException] SQLSTATE[23000]: Integrity constraint violation: 1048 Column 'licence' cannot be null
#0 C:\wamp\www\cakephp2.1.3\lib\Cake\Model\Datasource\DboSource.php(437): PDOStatement->execute(Array)
#1 C:\wamp\www\cakephp2.1.3\lib\Cake\Model\Datasource\DboSource.php(403): DboSource->_execute('INSERT INTO `ca...', Array)
#2 C:\wamp\www\cakephp2.1.3\lib\Cake\Model\Datasource\DboSource.php(985): DboSource->execute('INSERT INTO `ca...')
#3 C:\wamp\www\cakephp2.1.3\lib\Cake\Model\Model.php(1721): DboSource->create(Object(AppModel), Array, Array)
#4 C:\wamp\www\cakephp2.1.3\finn_cars\Controller\ScrappersController.php(32): Model->save(Array)
#5 [internal function]: ScrappersController->mega_scrap()
#6 C:\wamp\www\cakephp2.1.3\lib\Cake\Controller\Controller.php(485): ReflectionMethod->invokeArgs(Object(ScrappersController), Array)
#7 C:\wamp\www\cakephp2.1.3\lib\Cake\Routing\Dispatcher.php(103): Controller->invokeAction(Object(CakeRequest))
#8 C:\wamp\www\cakephp2.1.3\lib\Cake\Routing\Dispatcher.php(85): Dispatcher->_invoke(Object(ScrappersController), Object(CakeRequest), Object(CakeResponse))
#9 C:\wamp\www\cakephp2.1.3\finn_cars\webroot\index.php(92): Dispatcher->dispatch(Object(CakeRequest), Object(CakeResponse))
#10 {main}
2014-03-26 09:38:52 Error: [MissingTableException] Table equipment for model Equipment was not found in datasource default.
#0 C:\wamp\www\cakephp2.1.3\lib\Cake\Model\Model.php(3443): Model->setSource('equipment')
#1 C:\wamp\www\cakephp2.1.3\lib\Cake\Model\Model.php(2698): Model->getDataSource()
#2 C:\wamp\www\cakephp2.1.3\finn_cars\Controller\ScrappersController.php(44): Model->find('first', Array)
#3 [internal function]: ScrappersController->mega_scrap()
#4 C:\wamp\www\cakephp2.1.3\lib\Cake\Controller\Controller.php(485): ReflectionMethod->invokeArgs(Object(ScrappersController), Array)
#5 C:\wamp\www\cakephp2.1.3\lib\Cake\Routing\Dispatcher.php(103): Controller->invokeAction(Object(CakeRequest))
#6 C:\wamp\www\cakephp2.1.3\lib\Cake\Routing\Dispatcher.php(85): Dispatcher->_invoke(Object(ScrappersController), Object(CakeRequest), Object(CakeResponse))
#7 C:\wamp\www\cakephp2.1.3\finn_cars\webroot\index.php(92): Dispatcher->dispatch(Object(CakeRequest), Object(CakeResponse))
#8 {main}
2014-03-26 09:41:14 Error: [MissingHelperException] Helper class CsvHelper could not be found.
#0 C:\wamp\www\cakephp2.1.3\lib\Cake\View\View.php(852): HelperCollection->load('Csv', Array)
#1 C:\wamp\www\cakephp2.1.3\lib\Cake\View\View.php(458): View->loadHelpers()
#2 C:\wamp\www\cakephp2.1.3\lib\Cake\Controller\Controller.php(959): View->render(NULL, NULL)
#3 C:\wamp\www\cakephp2.1.3\lib\Cake\Routing\Dispatcher.php(110): Controller->render()
#4 C:\wamp\www\cakephp2.1.3\lib\Cake\Routing\Dispatcher.php(85): Dispatcher->_invoke(Object(ScrappersController), Object(CakeRequest), Object(CakeResponse))
#5 C:\wamp\www\cakephp2.1.3\finn_cars\webroot\index.php(92): Dispatcher->dispatch(Object(CakeRequest), Object(CakeResponse))
#6 {main}
2014-03-26 09:41:21 Error: [MissingHelperException] Helper class CsvHelper could not be found.
#0 C:\wamp\www\cakephp2.1.3\lib\Cake\View\View.php(852): HelperCollection->load('Csv', Array)
#1 C:\wamp\www\cakephp2.1.3\lib\Cake\View\View.php(458): View->loadHelpers()
#2 C:\wamp\www\cakephp2.1.3\lib\Cake\Controller\Controller.php(959): View->render(NULL, NULL)
#3 C:\wamp\www\cakephp2.1.3\lib\Cake\Routing\Dispatcher.php(110): Controller->render()
#4 C:\wamp\www\cakephp2.1.3\lib\Cake\Routing\Dispatcher.php(85): Dispatcher->_invoke(Object(ScrappersController), Object(CakeRequest), Object(CakeResponse))
#5 C:\wamp\www\cakephp2.1.3\finn_cars\webroot\index.php(92): Dispatcher->dispatch(Object(CakeRequest), Object(CakeResponse))
#6 {main}
2014-03-26 09:42:29 Error: [MissingHelperException] Helper class CsvHelper could not be found.
#0 C:\wamp\www\cakephp2.1.3\lib\Cake\View\View.php(852): HelperCollection->load('Csv', Array)
#1 C:\wamp\www\cakephp2.1.3\lib\Cake\View\View.php(458): View->loadHelpers()
#2 C:\wamp\www\cakephp2.1.3\lib\Cake\Controller\Controller.php(959): View->render(NULL, NULL)
#3 C:\wamp\www\cakephp2.1.3\lib\Cake\Routing\Dispatcher.php(110): Controller->render()
#4 C:\wamp\www\cakephp2.1.3\lib\Cake\Routing\Dispatcher.php(85): Dispatcher->_invoke(Object(ScrappersController), Object(CakeRequest), Object(CakeResponse))
#5 C:\wamp\www\cakephp2.1.3\finn_cars\webroot\index.php(92): Dispatcher->dispatch(Object(CakeRequest), Object(CakeResponse))
#6 {main}
2014-03-26 10:44:10 Error: [MissingHelperException] Helper class CsvHelper could not be found.
#0 C:\wamp\www\cakephp2.1.3\lib\Cake\View\View.php(852): HelperCollection->load('Csv', Array)
#1 C:\wamp\www\cakephp2.1.3\lib\Cake\View\View.php(458): View->loadHelpers()
#2 C:\wamp\www\cakephp2.1.3\lib\Cake\Controller\Controller.php(959): View->render(NULL, NULL)
#3 C:\wamp\www\cakephp2.1.3\lib\Cake\Routing\Dispatcher.php(110): Controller->render()
#4 C:\wamp\www\cakephp2.1.3\lib\Cake\Routing\Dispatcher.php(85): Dispatcher->_invoke(Object(ScrappersController), Object(CakeRequest), Object(CakeResponse))
#5 C:\wamp\www\cakephp2.1.3\finn_cars\webroot\index.php(92): Dispatcher->dispatch(Object(CakeRequest), Object(CakeResponse))
#6 {main}
2014-03-26 11:05:21 Error: [MissingHelperException] Helper class CsvHelper could not be found.
#0 C:\wamp\www\cakephp2.1.3\lib\Cake\View\View.php(852): HelperCollection->load('Csv', Array)
#1 C:\wamp\www\cakephp2.1.3\lib\Cake\View\View.php(458): View->loadHelpers()
#2 C:\wamp\www\cakephp2.1.3\lib\Cake\Controller\Controller.php(959): View->render(NULL, NULL)
#3 C:\wamp\www\cakephp2.1.3\lib\Cake\Routing\Dispatcher.php(110): Controller->render()
#4 C:\wamp\www\cakephp2.1.3\lib\Cake\Routing\Dispatcher.php(85): Dispatcher->_invoke(Object(ScrappersController), Object(CakeRequest), Object(CakeResponse))
#5 C:\wamp\www\cakephp2.1.3\finn_cars\webroot\index.php(92): Dispatcher->dispatch(Object(CakeRequest), Object(CakeResponse))
#6 {main}
2014-03-26 11:06:49 Error: [MissingTableException] Table accommodations for model Accommodation was not found in datasource default.
#0 C:\wamp\www\cakephp2.1.3\lib\Cake\Model\Model.php(3443): Model->setSource('accommodations')
#1 C:\wamp\www\cakephp2.1.3\lib\Cake\Model\Model.php(2698): Model->getDataSource()
#2 C:\wamp\www\cakephp2.1.3\finn_cars\Controller\ScrappersController.php(78): Model->find('all', Array)
#3 [internal function]: ScrappersController->mega_scrap()
#4 C:\wamp\www\cakephp2.1.3\lib\Cake\Controller\Controller.php(485): ReflectionMethod->invokeArgs(Object(ScrappersController), Array)
#5 C:\wamp\www\cakephp2.1.3\lib\Cake\Routing\Dispatcher.php(103): Controller->invokeAction(Object(CakeRequest))
#6 C:\wamp\www\cakephp2.1.3\lib\Cake\Routing\Dispatcher.php(85): Dispatcher->_invoke(Object(ScrappersController), Object(CakeRequest), Object(CakeResponse))
#7 C:\wamp\www\cakephp2.1.3\finn_cars\webroot\index.php(92): Dispatcher->dispatch(Object(CakeRequest), Object(CakeResponse))
#8 {main}
2014-03-26 16:58:02 Error: [MissingHelperException] Helper class CsvHelper could not be found.
#0 C:\wamp\www\cakephp2.1.3\lib\Cake\View\View.php(852): HelperCollection->load('Csv', Array)
#1 C:\wamp\www\cakephp2.1.3\lib\Cake\View\View.php(458): View->loadHelpers()
#2 C:\wamp\www\cakephp2.1.3\lib\Cake\Controller\Controller.php(959): View->render(NULL, NULL)
#3 C:\wamp\www\cakephp2.1.3\lib\Cake\Routing\Dispatcher.php(110): Controller->render()
#4 C:\wamp\www\cakephp2.1.3\lib\Cake\Routing\Dispatcher.php(85): Dispatcher->_invoke(Object(ScrappersController), Object(CakeRequest), Object(CakeResponse))
#5 C:\wamp\www\cakephp2.1.3\finn_cars\webroot\index.php(92): Dispatcher->dispatch(Object(CakeRequest), Object(CakeResponse))
#6 {main}
2014-03-26 16:58:53 Error: [MissingTableException] Table accommodations for model Accommodation was not found in datasource default.
#0 C:\wamp\www\cakephp2.1.3\lib\Cake\Model\Model.php(3443): Model->setSource('accommodations')
#1 C:\wamp\www\cakephp2.1.3\lib\Cake\Model\Model.php(2698): Model->getDataSource()
#2 C:\wamp\www\cakephp2.1.3\finn_cars\Controller\ScrappersController.php(78): Model->find('all', Array)
#3 [internal function]: ScrappersController->mega_scrap()
#4 C:\wamp\www\cakephp2.1.3\lib\Cake\Controller\Controller.php(485): ReflectionMethod->invokeArgs(Object(ScrappersController), Array)
#5 C:\wamp\www\cakephp2.1.3\lib\Cake\Routing\Dispatcher.php(103): Controller->invokeAction(Object(CakeRequest))
#6 C:\wamp\www\cakephp2.1.3\lib\Cake\Routing\Dispatcher.php(85): Dispatcher->_invoke(Object(ScrappersController), Object(CakeRequest), Object(CakeResponse))
#7 C:\wamp\www\cakephp2.1.3\finn_cars\webroot\index.php(92): Dispatcher->dispatch(Object(CakeRequest), Object(CakeResponse))
#8 {main}
2014-03-26 17:02:14 Error: [MissingHelperException] Helper class CsvHelper could not be found.
#0 C:\wamp\www\cakephp2.1.3\lib\Cake\View\View.php(852): HelperCollection->load('Csv', Array)
#1 C:\wamp\www\cakephp2.1.3\lib\Cake\View\View.php(458): View->loadHelpers()
#2 C:\wamp\www\cakephp2.1.3\lib\Cake\Controller\Controller.php(959): View->render(NULL, NULL)
#3 C:\wamp\www\cakephp2.1.3\lib\Cake\Routing\Dispatcher.php(110): Controller->render()
#4 C:\wamp\www\cakephp2.1.3\lib\Cake\Routing\Dispatcher.php(85): Dispatcher->_invoke(Object(ScrappersController), Object(CakeRequest), Object(CakeResponse))
#5 C:\wamp\www\cakephp2.1.3\finn_cars\webroot\index.php(92): Dispatcher->dispatch(Object(CakeRequest), Object(CakeResponse))
#6 {main}
2014-03-26 17:02:45 Error: [MissingTableException] Table accommodations for model Accommodation was not found in datasource default.
#0 C:\wamp\www\cakephp2.1.3\lib\Cake\Model\Model.php(3443): Model->setSource('accommodations')
#1 C:\wamp\www\cakephp2.1.3\lib\Cake\Model\Model.php(2698): Model->getDataSource()
#2 C:\wamp\www\cakephp2.1.3\finn_cars\Controller\ScrappersController.php(82): Model->find('all', Array)
#3 [internal function]: ScrappersController->mega_scrap()
#4 C:\wamp\www\cakephp2.1.3\lib\Cake\Controller\Controller.php(485): ReflectionMethod->invokeArgs(Object(ScrappersController), Array)
#5 C:\wamp\www\cakephp2.1.3\lib\Cake\Routing\Dispatcher.php(103): Controller->invokeAction(Object(CakeRequest))
#6 C:\wamp\www\cakephp2.1.3\lib\Cake\Routing\Dispatcher.php(85): Dispatcher->_invoke(Object(ScrappersController), Object(CakeRequest), Object(CakeResponse))
#7 C:\wamp\www\cakephp2.1.3\finn_cars\webroot\index.php(92): Dispatcher->dispatch(Object(CakeRequest), Object(CakeResponse))
#8 {main}
2014-03-26 17:02:57 Error: [MissingHelperException] Helper class CsvHelper could not be found.
#0 C:\wamp\www\cakephp2.1.3\lib\Cake\View\View.php(852): HelperCollection->load('Csv', Array)
#1 C:\wamp\www\cakephp2.1.3\lib\Cake\View\View.php(458): View->loadHelpers()
#2 C:\wamp\www\cakephp2.1.3\lib\Cake\Controller\Controller.php(959): View->render(NULL, NULL)
#3 C:\wamp\www\cakephp2.1.3\lib\Cake\Routing\Dispatcher.php(110): Controller->render()
#4 C:\wamp\www\cakephp2.1.3\lib\Cake\Routing\Dispatcher.php(85): Dispatcher->_invoke(Object(ScrappersController), Object(CakeRequest), Object(CakeResponse))
#5 C:\wamp\www\cakephp2.1.3\finn_cars\webroot\index.php(92): Dispatcher->dispatch(Object(CakeRequest), Object(CakeResponse))
#6 {main}
2014-03-26 17:04:33 Error: [MissingTableException] Table accommodations for model Accommodation was not found in datasource default.
#0 C:\wamp\www\cakephp2.1.3\lib\Cake\Model\Model.php(3443): Model->setSource('accommodations')
#1 C:\wamp\www\cakephp2.1.3\lib\Cake\Model\Model.php(2698): Model->getDataSource()
#2 C:\wamp\www\cakephp2.1.3\finn_cars\Controller\ScrappersController.php(82): Model->find('all', Array)
#3 [internal function]: ScrappersController->mega_scrap()
#4 C:\wamp\www\cakephp2.1.3\lib\Cake\Controller\Controller.php(485): ReflectionMethod->invokeArgs(Object(ScrappersController), Array)
#5 C:\wamp\www\cakephp2.1.3\lib\Cake\Routing\Dispatcher.php(103): Controller->invokeAction(Object(CakeRequest))
#6 C:\wamp\www\cakephp2.1.3\lib\Cake\Routing\Dispatcher.php(85): Dispatcher->_invoke(Object(ScrappersController), Object(CakeRequest), Object(CakeResponse))
#7 C:\wamp\www\cakephp2.1.3\finn_cars\webroot\index.php(92): Dispatcher->dispatch(Object(CakeRequest), Object(CakeResponse))
#8 {main}
2014-03-26 17:07:22 Error: [MissingViewException] View file "C:\wamp\www\cakephp2.1.3\finn_cars\View\Cars\index.ctp" is missing.
#0 C:\wamp\www\cakephp2.1.3\lib\Cake\View\View.php(462): View->_getViewFileName(NULL)
#1 C:\wamp\www\cakephp2.1.3\lib\Cake\Controller\Controller.php(959): View->render(NULL, NULL)
#2 C:\wamp\www\cakephp2.1.3\lib\Cake\Routing\Dispatcher.php(110): Controller->render()
#3 C:\wamp\www\cakephp2.1.3\lib\Cake\Routing\Dispatcher.php(85): Dispatcher->_invoke(Object(CarsController), Object(CakeRequest), Object(CakeResponse))
#4 C:\wamp\www\cakephp2.1.3\finn_cars\webroot\index.php(92): Dispatcher->dispatch(Object(CakeRequest), Object(CakeResponse))
#5 {main}
2014-03-26 17:18:51 Error: [MissingHelperException] Helper class CsvHelper could not be found.
#0 C:\wamp\www\cakephp2.1.3\lib\Cake\View\View.php(852): HelperCollection->load('Csv', Array)
#1 C:\wamp\www\cakephp2.1.3\lib\Cake\View\View.php(458): View->loadHelpers()
#2 C:\wamp\www\cakephp2.1.3\lib\Cake\Controller\Controller.php(959): View->render(NULL, NULL)
#3 C:\wamp\www\cakephp2.1.3\lib\Cake\Routing\Dispatcher.php(110): Controller->render()
#4 C:\wamp\www\cakephp2.1.3\lib\Cake\Routing\Dispatcher.php(85): Dispatcher->_invoke(Object(ScrappersController), Object(CakeRequest), Object(CakeResponse))
#5 C:\wamp\www\cakephp2.1.3\finn_cars\webroot\index.php(92): Dispatcher->dispatch(Object(CakeRequest), Object(CakeResponse))
#6 {main}
2014-03-26 18:01:13 Error: [PDOException] SQLSTATE[23000]: Integrity constraint violation: 1048 Column 'description' cannot be null
#0 C:\wamp\www\cakephp2.1.3\lib\Cake\Model\Datasource\DboSource.php(437): PDOStatement->execute(Array)
#1 C:\wamp\www\cakephp2.1.3\lib\Cake\Model\Datasource\DboSource.php(403): DboSource->_execute('INSERT INTO `ca...', Array)
#2 C:\wamp\www\cakephp2.1.3\lib\Cake\Model\Datasource\DboSource.php(985): DboSource->execute('INSERT INTO `ca...')
#3 C:\wamp\www\cakephp2.1.3\lib\Cake\Model\Model.php(1721): DboSource->create(Object(Car), Array, Array)
#4 C:\wamp\www\cakephp2.1.3\finn_cars\Controller\ScrappersController.php(32): Model->save(Array)
#5 [internal function]: ScrappersController->mega_scrap()
#6 C:\wamp\www\cakephp2.1.3\lib\Cake\Controller\Controller.php(485): ReflectionMethod->invokeArgs(Object(ScrappersController), Array)
#7 C:\wamp\www\cakephp2.1.3\lib\Cake\Routing\Dispatcher.php(103): Controller->invokeAction(Object(CakeRequest))
#8 C:\wamp\www\cakephp2.1.3\lib\Cake\Routing\Dispatcher.php(85): Dispatcher->_invoke(Object(ScrappersController), Object(CakeRequest), Object(CakeResponse))
#9 C:\wamp\www\cakephp2.1.3\finn_cars\webroot\index.php(92): Dispatcher->dispatch(Object(CakeRequest), Object(CakeResponse))
#10 {main}
2014-03-26 18:07:52 Error: [MissingHelperException] Helper class CsvHelper could not be found.
#0 C:\wamp\www\cakephp2.1.3\lib\Cake\View\View.php(852): HelperCollection->load('Csv', Array)
#1 C:\wamp\www\cakephp2.1.3\lib\Cake\View\View.php(458): View->loadHelpers()
#2 C:\wamp\www\cakephp2.1.3\lib\Cake\Controller\Controller.php(959): View->render(NULL, NULL)
#3 C:\wamp\www\cakephp2.1.3\lib\Cake\Routing\Dispatcher.php(110): Controller->render()
#4 C:\wamp\www\cakephp2.1.3\lib\Cake\Routing\Dispatcher.php(85): Dispatcher->_invoke(Object(ScrappersController), Object(CakeRequest), Object(CakeResponse))
#5 C:\wamp\www\cakephp2.1.3\finn_cars\webroot\index.php(92): Dispatcher->dispatch(Object(CakeRequest), Object(CakeResponse))
#6 {main}
2014-03-27 08:00:07 Error: [MissingHelperException] Helper class CsvHelper could not be found.
#0 C:\wamp\www\cakephp2.1.3\lib\Cake\View\View.php(852): HelperCollection->load('Csv', Array)
#1 C:\wamp\www\cakephp2.1.3\lib\Cake\View\View.php(458): View->loadHelpers()
#2 C:\wamp\www\cakephp2.1.3\lib\Cake\Controller\Controller.php(959): View->render(NULL, NULL)
#3 C:\wamp\www\cakephp2.1.3\lib\Cake\Routing\Dispatcher.php(110): Controller->render()
#4 C:\wamp\www\cakephp2.1.3\lib\Cake\Routing\Dispatcher.php(85): Dispatcher->_invoke(Object(ScrappersController), Object(CakeRequest), Object(CakeResponse))
#5 C:\wamp\www\cakephp2.1.3\finn_cars\webroot\index.php(92): Dispatcher->dispatch(Object(CakeRequest), Object(CakeResponse))
#6 {main}
2014-03-27 08:25:10 Error: [PDOException] SQLSTATE[23000]: Integrity constraint violation: 1048 Column 'description' cannot be null
#0 C:\wamp\www\cakephp2.1.3\lib\Cake\Model\Datasource\DboSource.php(437): PDOStatement->execute(Array)
#1 C:\wamp\www\cakephp2.1.3\lib\Cake\Model\Datasource\DboSource.php(403): DboSource->_execute('INSERT INTO `ca...', Array)
#2 C:\wamp\www\cakephp2.1.3\lib\Cake\Model\Datasource\DboSource.php(985): DboSource->execute('INSERT INTO `ca...')
#3 C:\wamp\www\cakephp2.1.3\lib\Cake\Model\Model.php(1721): DboSource->create(Object(Car), Array, Array)
#4 C:\wamp\www\cakephp2.1.3\finn_cars\Controller\ScrappersController.php(131): Model->save(Array)
#5 C:\wamp\www\cakephp2.1.3\finn_cars\Controller\ScrappersController.php(256): ScrappersController->save_car(Array)
#6 C:\wamp\www\cakephp2.1.3\finn_cars\Controller\ScrappersController.php(53): ScrappersController->scrap_cars_pagination(Array)
#7 [internal function]: ScrappersController->mega_scrap()
#8 C:\wamp\www\cakephp2.1.3\lib\Cake\Controller\Controller.php(485): ReflectionMethod->invokeArgs(Object(ScrappersController), Array)
#9 C:\wamp\www\cakephp2.1.3\lib\Cake\Routing\Dispatcher.php(103): Controller->invokeAction(Object(CakeRequest))
#10 C:\wamp\www\cakephp2.1.3\lib\Cake\Routing\Dispatcher.php(85): Dispatcher->_invoke(Object(ScrappersController), Object(CakeRequest), Object(CakeResponse))
#11 C:\wamp\www\cakephp2.1.3\finn_cars\webroot\index.php(92): Dispatcher->dispatch(Object(CakeRequest), Object(CakeResponse))
#12 {main}
2014-03-27 08:26:57 Error: [MissingHelperException] Helper class CsvHelper could not be found.
#0 C:\wamp\www\cakephp2.1.3\lib\Cake\View\View.php(852): HelperCollection->load('Csv', Array)
#1 C:\wamp\www\cakephp2.1.3\lib\Cake\View\View.php(458): View->loadHelpers()
#2 C:\wamp\www\cakephp2.1.3\lib\Cake\Controller\Controller.php(959): View->render(NULL, NULL)
#3 C:\wamp\www\cakephp2.1.3\lib\Cake\Routing\Dispatcher.php(110): Controller->render()
#4 C:\wamp\www\cakephp2.1.3\lib\Cake\Routing\Dispatcher.php(85): Dispatcher->_invoke(Object(ScrappersController), Object(CakeRequest), Object(CakeResponse))
#5 C:\wamp\www\cakephp2.1.3\finn_cars\webroot\index.php(92): Dispatcher->dispatch(Object(CakeRequest), Object(CakeResponse))
#6 {main}
2014-03-27 08:44:59 Error: [MissingHelperException] Helper class CsvHelper could not be found.
#0 C:\wamp\www\cakephp2.1.3\lib\Cake\View\View.php(852): HelperCollection->load('Csv', Array)
#1 C:\wamp\www\cakephp2.1.3\lib\Cake\View\View.php(458): View->loadHelpers()
#2 C:\wamp\www\cakephp2.1.3\lib\Cake\Controller\Controller.php(959): View->render(NULL, NULL)
#3 C:\wamp\www\cakephp2.1.3\lib\Cake\Routing\Dispatcher.php(110): Controller->render()
#4 C:\wamp\www\cakephp2.1.3\lib\Cake\Routing\Dispatcher.php(85): Dispatcher->_invoke(Object(ScrappersController), Object(CakeRequest), Object(CakeResponse))
#5 C:\wamp\www\cakephp2.1.3\finn_cars\webroot\index.php(92): Dispatcher->dispatch(Object(CakeRequest), Object(CakeResponse))
#6 {main}
2014-03-27 08:45:06 Error: [PDOException] SQLSTATE[23000]: Integrity constraint violation: 1048 Column 'description' cannot be null
#0 C:\wamp\www\cakephp2.1.3\lib\Cake\Model\Datasource\DboSource.php(437): PDOStatement->execute(Array)
#1 C:\wamp\www\cakephp2.1.3\lib\Cake\Model\Datasource\DboSource.php(403): DboSource->_execute('INSERT INTO `ca...', Array)
#2 C:\wamp\www\cakephp2.1.3\lib\Cake\Model\Datasource\DboSource.php(985): DboSource->execute('INSERT INTO `ca...')
#3 C:\wamp\www\cakephp2.1.3\lib\Cake\Model\Model.php(1721): DboSource->create(Object(Car), Array, Array)
#4 C:\wamp\www\cakephp2.1.3\finn_cars\Controller\ScrappersController.php(131): Model->save(Array)
#5 C:\wamp\www\cakephp2.1.3\finn_cars\Controller\ScrappersController.php(257): ScrappersController->save_car(Array)
#6 C:\wamp\www\cakephp2.1.3\finn_cars\Controller\ScrappersController.php(53): ScrappersController->scrap_cars_pagination(Array)
#7 [internal function]: ScrappersController->mega_scrap()
#8 C:\wamp\www\cakephp2.1.3\lib\Cake\Controller\Controller.php(485): ReflectionMethod->invokeArgs(Object(ScrappersController), Array)
#9 C:\wamp\www\cakephp2.1.3\lib\Cake\Routing\Dispatcher.php(103): Controller->invokeAction(Object(CakeRequest))
#10 C:\wamp\www\cakephp2.1.3\lib\Cake\Routing\Dispatcher.php(85): Dispatcher->_invoke(Object(ScrappersController), Object(CakeRequest), Object(CakeResponse))
#11 C:\wamp\www\cakephp2.1.3\finn_cars\webroot\index.php(92): Dispatcher->dispatch(Object(CakeRequest), Object(CakeResponse))
#12 {main}
2014-03-27 08:45:57 Error: [MissingHelperException] Helper class CsvHelper could not be found.
#0 C:\wamp\www\cakephp2.1.3\lib\Cake\View\View.php(852): HelperCollection->load('Csv', Array)
#1 C:\wamp\www\cakephp2.1.3\lib\Cake\View\View.php(458): View->loadHelpers()
#2 C:\wamp\www\cakephp2.1.3\lib\Cake\Controller\Controller.php(959): View->render(NULL, NULL)
#3 C:\wamp\www\cakephp2.1.3\lib\Cake\Routing\Dispatcher.php(110): Controller->render()
#4 C:\wamp\www\cakephp2.1.3\lib\Cake\Routing\Dispatcher.php(85): Dispatcher->_invoke(Object(ScrappersController), Object(CakeRequest), Object(CakeResponse))
#5 C:\wamp\www\cakephp2.1.3\finn_cars\webroot\index.php(92): Dispatcher->dispatch(Object(CakeRequest), Object(CakeResponse))
#6 {main}
2014-03-28 04:54:55 Error: [PDOException] SQLSTATE[HY000]: General error: 2006 MySQL server has gone away
#0 C:\wamp\www\cakephp2.1.3\lib\Cake\Model\Datasource\DboSource.php(437): PDOStatement->execute(Array)
#1 C:\wamp\www\cakephp2.1.3\lib\Cake\Model\Datasource\DboSource.php(403): DboSource->_execute('INSERT INTO `ca...', Array)
#2 C:\wamp\www\cakephp2.1.3\lib\Cake\Model\Datasource\DboSource.php(985): DboSource->execute('INSERT INTO `ca...')
#3 C:\wamp\www\cakephp2.1.3\lib\Cake\Model\Model.php(1721): DboSource->create(Object(Car), Array, Array)
#4 C:\wamp\www\cakephp2.1.3\finn_cars\Controller\ScrappersController.php(131): Model->save(Array)
#5 C:\wamp\www\cakephp2.1.3\finn_cars\Controller\ScrappersController.php(257): ScrappersController->save_car(Array)
#6 C:\wamp\www\cakephp2.1.3\finn_cars\Controller\ScrappersController.php(53): ScrappersController->scrap_cars_pagination(Array)
#7 [internal function]: ScrappersController->mega_scrap()
#8 C:\wamp\www\cakephp2.1.3\lib\Cake\Controller\Controller.php(485): ReflectionMethod->invokeArgs(Object(ScrappersController), Array)
#9 C:\wamp\www\cakephp2.1.3\lib\Cake\Routing\Dispatcher.php(103): Controller->invokeAction(Object(CakeRequest))
#10 C:\wamp\www\cakephp2.1.3\lib\Cake\Routing\Dispatcher.php(85): Dispatcher->_invoke(Object(ScrappersController), Object(CakeRequest), Object(CakeResponse))
#11 C:\wamp\www\cakephp2.1.3\finn_cars\webroot\index.php(92): Dispatcher->dispatch(Object(CakeRequest), Object(CakeResponse))
#12 {main}
2014-04-07 07:00:06 Error: [MissingHelperException] Helper class CsvHelper could not be found.
#0 C:\wamp\www\cakephp2.1.3\lib\Cake\View\View.php(852): HelperCollection->load('Csv', Array)
#1 C:\wamp\www\cakephp2.1.3\lib\Cake\View\View.php(458): View->loadHelpers()
#2 C:\wamp\www\cakephp2.1.3\lib\Cake\Controller\Controller.php(959): View->render(NULL, NULL)
#3 C:\wamp\www\cakephp2.1.3\lib\Cake\Routing\Dispatcher.php(110): Controller->render()
#4 C:\wamp\www\cakephp2.1.3\lib\Cake\Routing\Dispatcher.php(85): Dispatcher->_invoke(Object(ScrappersController), Object(CakeRequest), Object(CakeResponse))
#5 C:\wamp\www\cakephp2.1.3\finn_cars\webroot\index.php(92): Dispatcher->dispatch(Object(CakeRequest), Object(CakeResponse))
#6 {main}
2014-04-07 07:08:00 Error: [MissingTableException] Table accommodations for model Accommodation was not found in datasource default.
#0 C:\wamp\www\cakephp2.1.3\lib\Cake\Model\Model.php(3443): Model->setSource('accommodations')
#1 C:\wamp\www\cakephp2.1.3\lib\Cake\Model\Model.php(2698): Model->getDataSource()
#2 C:\wamp\www\cakephp2.1.3\finn_cars\Controller\ScrappersController.php(388): Model->find('all')
#3 [internal function]: ScrappersController->export_brute_csv()
#4 C:\wamp\www\cakephp2.1.3\lib\Cake\Controller\Controller.php(485): ReflectionMethod->invokeArgs(Object(ScrappersController), Array)
#5 C:\wamp\www\cakephp2.1.3\lib\Cake\Routing\Dispatcher.php(103): Controller->invokeAction(Object(CakeRequest))
#6 C:\wamp\www\cakephp2.1.3\lib\Cake\Routing\Dispatcher.php(85): Dispatcher->_invoke(Object(ScrappersController), Object(CakeRequest), Object(CakeResponse))
#7 C:\wamp\www\cakephp2.1.3\finn_cars\webroot\index.php(92): Dispatcher->dispatch(Object(CakeRequest), Object(CakeResponse))
#8 {main}
2014-04-07 07:17:21 Error: [MissingHelperException] Helper class CsvHelper could not be found.
#0 C:\wamp\www\cakephp2.1.3\lib\Cake\View\View.php(852): HelperCollection->load('Csv', Array)
#1 C:\wamp\www\cakephp2.1.3\lib\Cake\View\View.php(458): View->loadHelpers()
#2 C:\wamp\www\cakephp2.1.3\lib\Cake\Controller\Controller.php(959): View->render(NULL, NULL)
#3 C:\wamp\www\cakephp2.1.3\lib\Cake\Routing\Dispatcher.php(110): Controller->render()
#4 C:\wamp\www\cakephp2.1.3\lib\Cake\Routing\Dispatcher.php(85): Dispatcher->_invoke(Object(ScrappersController), Object(CakeRequest), Object(CakeResponse))
#5 C:\wamp\www\cakephp2.1.3\finn_cars\webroot\index.php(92): Dispatcher->dispatch(Object(CakeRequest), Object(CakeResponse))
#6 {main}
2014-04-07 07:23:32 Error: [MissingViewException] View file "C:\wamp\www\cakephp2.1.3\finn_cars\View\Scrappers\delete_all.ctp" is missing.
#0 C:\wamp\www\cakephp2.1.3\lib\Cake\View\View.php(462): View->_getViewFileName(NULL)
#1 C:\wamp\www\cakephp2.1.3\lib\Cake\Controller\Controller.php(959): View->render(NULL, NULL)
#2 C:\wamp\www\cakephp2.1.3\lib\Cake\Routing\Dispatcher.php(110): Controller->render()
#3 C:\wamp\www\cakephp2.1.3\lib\Cake\Routing\Dispatcher.php(85): Dispatcher->_invoke(Object(ScrappersController), Object(CakeRequest), Object(CakeResponse))
#4 C:\wamp\www\cakephp2.1.3\finn_cars\webroot\index.php(92): Dispatcher->dispatch(Object(CakeRequest), Object(CakeResponse))
#5 {main}
2014-04-07 07:27:17 Error: [MissingViewException] View file "C:\wamp\www\cakephp2.1.3\finn_cars\View\Scrappers\delete_all.ctp" is missing.
#0 C:\wamp\www\cakephp2.1.3\lib\Cake\View\View.php(462): View->_getViewFileName(NULL)
#1 C:\wamp\www\cakephp2.1.3\lib\Cake\Controller\Controller.php(959): View->render(NULL, NULL)
#2 C:\wamp\www\cakephp2.1.3\lib\Cake\Routing\Dispatcher.php(110): Controller->render()
#3 C:\wamp\www\cakephp2.1.3\lib\Cake\Routing\Dispatcher.php(85): Dispatcher->_invoke(Object(ScrappersController), Object(CakeRequest), Object(CakeResponse))
#4 C:\wamp\www\cakephp2.1.3\finn_cars\webroot\index.php(92): Dispatcher->dispatch(Object(CakeRequest), Object(CakeResponse))
#5 {main}
2014-04-07 07:37:17 Error: [MissingViewException] View file "C:\wamp\www\cakephp2.1.3\finn_cars\View\Scrappers\delete_all.ctp" is missing.
#0 C:\wamp\www\cakephp2.1.3\lib\Cake\View\View.php(462): View->_getViewFileName(NULL)
#1 C:\wamp\www\cakephp2.1.3\lib\Cake\Controller\Controller.php(959): View->render(NULL, NULL)
#2 C:\wamp\www\cakephp2.1.3\lib\Cake\Routing\Dispatcher.php(110): Controller->render()
#3 C:\wamp\www\cakephp2.1.3\lib\Cake\Routing\Dispatcher.php(85): Dispatcher->_invoke(Object(ScrappersController), Object(CakeRequest), Object(CakeResponse))
#4 C:\wamp\www\cakephp2.1.3\finn_cars\webroot\index.php(92): Dispatcher->dispatch(Object(CakeRequest), Object(CakeResponse))
#5 {main}
2014-04-07 12:24:41 Error: [MissingControllerException] Controller class WebrootController could not be found.
#0 C:\wamp\www\cakephp2.1.3\finn_cars\webroot\index.php(92): Dispatcher->dispatch(Object(CakeRequest), Object(CakeResponse))
#1 {main}
2014-04-07 12:25:40 Error: [MissingControllerException] Controller class WebrootController could not be found.
#0 C:\wamp\www\cakephp2.1.3\finn_cars\webroot\index.php(92): Dispatcher->dispatch(Object(CakeRequest), Object(CakeResponse))
#1 {main}
2014-04-07 12:28:49 Error: [MissingControllerException] Controller class WebrootController could not be found.
#0 C:\wamp\www\cakephp2.1.3\finn_cars\webroot\index.php(92): Dispatcher->dispatch(Object(CakeRequest), Object(CakeResponse))
#1 {main}
2014-04-07 12:28:50 Error: [MissingControllerException] Controller class WebrootController could not be found.
#0 C:\wamp\www\cakephp2.1.3\finn_cars\webroot\index.php(92): Dispatcher->dispatch(Object(CakeRequest), Object(CakeResponse))
#1 {main}
2014-04-07 12:35:10 Error: [MissingViewException] View file "C:\wamp\www\cakephp2.1.3\finn_cars\View\Scrappers\delete_all.ctp" is missing.
#0 C:\wamp\www\cakephp2.1.3\lib\Cake\View\View.php(462): View->_getViewFileName(NULL)
#1 C:\wamp\www\cakephp2.1.3\lib\Cake\Controller\Controller.php(959): View->render(NULL, NULL)
#2 C:\wamp\www\cakephp2.1.3\lib\Cake\Routing\Dispatcher.php(110): Controller->render()
#3 C:\wamp\www\cakephp2.1.3\lib\Cake\Routing\Dispatcher.php(85): Dispatcher->_invoke(Object(ScrappersController), Object(CakeRequest), Object(CakeResponse))
#4 C:\wamp\www\cakephp2.1.3\finn_cars\webroot\index.php(92): Dispatcher->dispatch(Object(CakeRequest), Object(CakeResponse))
#5 {main}
2014-04-07 15:16:28 Error: [MissingViewException] View file "C:\wamp\www\cakephp2.1.3\finn_cars\View\Scrappers\delete_all.ctp" is missing.
#0 C:\wamp\www\cakephp2.1.3\lib\Cake\View\View.php(462): View->_getViewFileName(NULL)
#1 C:\wamp\www\cakephp2.1.3\lib\Cake\Controller\Controller.php(959): View->render(NULL, NULL)
#2 C:\wamp\www\cakephp2.1.3\lib\Cake\Routing\Dispatcher.php(110): Controller->render()
#3 C:\wamp\www\cakephp2.1.3\lib\Cake\Routing\Dispatcher.php(85): Dispatcher->_invoke(Object(ScrappersController), Object(CakeRequest), Object(CakeResponse))
#4 C:\wamp\www\cakephp2.1.3\finn_cars\webroot\index.php(92): Dispatcher->dispatch(Object(CakeRequest), Object(CakeResponse))
#5 {main}
2014-04-10 04:48:35 Error: [PDOException] SQLSTATE[HY000]: General error: 2006 MySQL server has gone away
#0 C:\wamp\www\cakephp2.1.3\lib\Cake\Model\Datasource\DboSource.php(437): PDOStatement->execute(Array)
#1 C:\wamp\www\cakephp2.1.3\lib\Cake\Model\Datasource\DboSource.php(403): DboSource->_execute('SELECT COUNT(*)...', Array)
#2 C:\wamp\www\cakephp2.1.3\lib\Cake\Model\Datasource\DboSource.php(647): DboSource->execute('SELECT COUNT(*)...', Array, Array)
#3 C:\wamp\www\cakephp2.1.3\lib\Cake\Model\Datasource\DboSource.php(1058): DboSource->fetchAll('SELECT COUNT(*)...', false)
#4 C:\wamp\www\cakephp2.1.3\lib\Cake\Model\Model.php(2698): DboSource->read(Object(AppModel), Array)
#5 C:\wamp\www\cakephp2.1.3\lib\Cake\Model\Model.php(2623): Model->find('count', Array)
#6 C:\wamp\www\cakephp2.1.3\lib\Cake\Model\Model.php(1625): Model->exists()
#7 C:\wamp\www\cakephp2.1.3\finn_cars\Controller\ScrappersController.php(369): Model->save(Array)
#8 [internal function]: ScrappersController->ajax_scrap_new_images()
#9 C:\wamp\www\cakephp2.1.3\lib\Cake\Controller\Controller.php(485): ReflectionMethod->invokeArgs(Object(ScrappersController), Array)
#10 C:\wamp\www\cakephp2.1.3\lib\Cake\Routing\Dispatcher.php(103): Controller->invokeAction(Object(CakeRequest))
#11 C:\wamp\www\cakephp2.1.3\lib\Cake\Routing\Dispatcher.php(85): Dispatcher->_invoke(Object(ScrappersController), Object(CakeRequest), Object(CakeResponse))
#12 C:\wamp\www\cakephp2.1.3\finn_cars\webroot\index.php(92): Dispatcher->dispatch(Object(CakeRequest), Object(CakeResponse))
#13 {main}
2014-04-11 06:43:58 Error: [MissingViewException] View file "C:\wamp\www\cakephp2.1.3\finn_cars\View\Scrappers\delete_all.ctp" is missing.
#0 C:\wamp\www\cakephp2.1.3\lib\Cake\View\View.php(462): View->_getViewFileName(NULL)
#1 C:\wamp\www\cakephp2.1.3\lib\Cake\Controller\Controller.php(959): View->render(NULL, NULL)
#2 C:\wamp\www\cakephp2.1.3\lib\Cake\Routing\Dispatcher.php(110): Controller->render()
#3 C:\wamp\www\cakephp2.1.3\lib\Cake\Routing\Dispatcher.php(85): Dispatcher->_invoke(Object(ScrappersController), Object(CakeRequest), Object(CakeResponse))
#4 C:\wamp\www\cakephp2.1.3\finn_cars\webroot\index.php(92): Dispatcher->dispatch(Object(CakeRequest), Object(CakeResponse))
#5 {main}
2014-04-11 07:58:09 Error: [MissingViewException] View file "C:\wamp\www\cakephp2.1.3\finn_cars\View\Scrappers\delete_all.ctp" is missing.
#0 C:\wamp\www\cakephp2.1.3\lib\Cake\View\View.php(462): View->_getViewFileName(NULL)
#1 C:\wamp\www\cakephp2.1.3\lib\Cake\Controller\Controller.php(959): View->render(NULL, NULL)
#2 C:\wamp\www\cakephp2.1.3\lib\Cake\Routing\Dispatcher.php(110): Controller->render()
#3 C:\wamp\www\cakephp2.1.3\lib\Cake\Routing\Dispatcher.php(85): Dispatcher->_invoke(Object(ScrappersController), Object(CakeRequest), Object(CakeResponse))
#4 C:\wamp\www\cakephp2.1.3\finn_cars\webroot\index.php(92): Dispatcher->dispatch(Object(CakeRequest), Object(CakeResponse))
#5 {main}
2014-04-13 09:02:09 Error: [MissingViewException] View file "C:\wamp\www\cakephp2.1.3\finn_cars\View\Scrappers\delete_all.ctp" is missing.
#0 C:\wamp\www\cakephp2.1.3\lib\Cake\View\View.php(462): View->_getViewFileName(NULL)
#1 C:\wamp\www\cakephp2.1.3\lib\Cake\Controller\Controller.php(959): View->render(NULL, NULL)
#2 C:\wamp\www\cakephp2.1.3\lib\Cake\Routing\Dispatcher.php(110): Controller->render()
#3 C:\wamp\www\cakephp2.1.3\lib\Cake\Routing\Dispatcher.php(85): Dispatcher->_invoke(Object(ScrappersController), Object(CakeRequest), Object(CakeResponse))
#4 C:\wamp\www\cakephp2.1.3\finn_cars\webroot\index.php(92): Dispatcher->dispatch(Object(CakeRequest), Object(CakeResponse))
#5 {main}
2014-04-13 09:04:27 Error: [MissingViewException] View file "C:\wamp\www\cakephp2.1.3\finn_cars\View\Scrappers\delete_all.ctp" is missing.
#0 C:\wamp\www\cakephp2.1.3\lib\Cake\View\View.php(462): View->_getViewFileName(NULL)
#1 C:\wamp\www\cakephp2.1.3\lib\Cake\Controller\Controller.php(959): View->render(NULL, NULL)
#2 C:\wamp\www\cakephp2.1.3\lib\Cake\Routing\Dispatcher.php(110): Controller->render()
#3 C:\wamp\www\cakephp2.1.3\lib\Cake\Routing\Dispatcher.php(85): Dispatcher->_invoke(Object(ScrappersController), Object(CakeRequest), Object(CakeResponse))
#4 C:\wamp\www\cakephp2.1.3\finn_cars\webroot\index.php(92): Dispatcher->dispatch(Object(CakeRequest), Object(CakeResponse))
#5 {main}
2014-04-13 09:21:50 Error: [PDOException] SQLSTATE[23000]: Integrity constraint violation: 1048 Column 'sub_model' cannot be null
#0 C:\wamp\www\cakephp2.1.3\lib\Cake\Model\Datasource\DboSource.php(437): PDOStatement->execute(Array)
#1 C:\wamp\www\cakephp2.1.3\lib\Cake\Model\Datasource\DboSource.php(403): DboSource->_execute('INSERT INTO `ca...', Array)
#2 C:\wamp\www\cakephp2.1.3\lib\Cake\Model\Datasource\DboSource.php(985): DboSource->execute('INSERT INTO `ca...')
#3 C:\wamp\www\cakephp2.1.3\lib\Cake\Model\Model.php(1721): DboSource->create(Object(Car), Array, Array)
#4 C:\wamp\www\cakephp2.1.3\finn_cars\Controller\ScrappersController.php(133): Model->save(Array)
#5 C:\wamp\www\cakephp2.1.3\finn_cars\Controller\ScrappersController.php(262): ScrappersController->save_car(Array)
#6 C:\wamp\www\cakephp2.1.3\finn_cars\Controller\ScrappersController.php(54): ScrappersController->scrap_cars_pagination(Array)
#7 [internal function]: ScrappersController->mega_scrap()
#8 C:\wamp\www\cakephp2.1.3\lib\Cake\Controller\Controller.php(485): ReflectionMethod->invokeArgs(Object(ScrappersController), Array)
#9 C:\wamp\www\cakephp2.1.3\lib\Cake\Routing\Dispatcher.php(103): Controller->invokeAction(Object(CakeRequest))
#10 C:\wamp\www\cakephp2.1.3\lib\Cake\Routing\Dispatcher.php(85): Dispatcher->_invoke(Object(ScrappersController), Object(CakeRequest), Object(CakeResponse))
#11 C:\wamp\www\cakephp2.1.3\finn_cars\webroot\index.php(92): Dispatcher->dispatch(Object(CakeRequest), Object(CakeResponse))
#12 {main}
2014-04-13 14:34:00 Error: [MissingViewException] View file "C:\wamp\www\cakephp2.1.3\finn_cars\View\Scrappers\delete_all.ctp" is missing.
#0 C:\wamp\www\cakephp2.1.3\lib\Cake\View\View.php(462): View->_getViewFileName(NULL)
#1 C:\wamp\www\cakephp2.1.3\lib\Cake\Controller\Controller.php(959): View->render(NULL, NULL)
#2 C:\wamp\www\cakephp2.1.3\lib\Cake\Routing\Dispatcher.php(110): Controller->render()
#3 C:\wamp\www\cakephp2.1.3\lib\Cake\Routing\Dispatcher.php(85): Dispatcher->_invoke(Object(ScrappersController), Object(CakeRequest), Object(CakeResponse))
#4 C:\wamp\www\cakephp2.1.3\finn_cars\webroot\index.php(92): Dispatcher->dispatch(Object(CakeRequest), Object(CakeResponse))
#5 {main}
2014-06-16 07:40:12 Error: [MissingViewException] View file "C:\wamp\www\cakephp2.1.3\finn_cars\View\Scrappers\delete_all.ctp" is missing.
#0 C:\wamp\www\cakephp2.1.3\lib\Cake\View\View.php(462): View->_getViewFileName(NULL)
#1 C:\wamp\www\cakephp2.1.3\lib\Cake\Controller\Controller.php(959): View->render(NULL, NULL)
#2 C:\wamp\www\cakephp2.1.3\lib\Cake\Routing\Dispatcher.php(110): Controller->render()
#3 C:\wamp\www\cakephp2.1.3\lib\Cake\Routing\Dispatcher.php(85): Dispatcher->_invoke(Object(ScrappersController), Object(CakeRequest), Object(CakeResponse))
#4 C:\wamp\www\cakephp2.1.3\finn_cars\webroot\index.php(92): Dispatcher->dispatch(Object(CakeRequest), Object(CakeResponse))
#5 {main}
2014-06-16 07:45:08 Error: [PDOException] SQLSTATE[23000]: Integrity constraint violation: 1048 Column 'sub_model' cannot be null
#0 C:\wamp\www\cakephp2.1.3\lib\Cake\Model\Datasource\DboSource.php(437): PDOStatement->execute(Array)
#1 C:\wamp\www\cakephp2.1.3\lib\Cake\Model\Datasource\DboSource.php(403): DboSource->_execute('INSERT INTO `ca...', Array)
#2 C:\wamp\www\cakephp2.1.3\lib\Cake\Model\Datasource\DboSource.php(985): DboSource->execute('INSERT INTO `ca...')
#3 C:\wamp\www\cakephp2.1.3\lib\Cake\Model\Model.php(1721): DboSource->create(Object(Car), Array, Array)
#4 C:\wamp\www\cakephp2.1.3\finn_cars\Controller\ScrappersController.php(133): Model->save(Array)
#5 C:\wamp\www\cakephp2.1.3\finn_cars\Controller\ScrappersController.php(271): ScrappersController->save_car(Array)
#6 C:\wamp\www\cakephp2.1.3\finn_cars\Controller\ScrappersController.php(54): ScrappersController->scrap_cars_pagination(Array)
#7 [internal function]: ScrappersController->mega_scrap()
#8 C:\wamp\www\cakephp2.1.3\lib\Cake\Controller\Controller.php(485): ReflectionMethod->invokeArgs(Object(ScrappersController), Array)
#9 C:\wamp\www\cakephp2.1.3\lib\Cake\Routing\Dispatcher.php(103): Controller->invokeAction(Object(CakeRequest))
#10 C:\wamp\www\cakephp2.1.3\lib\Cake\Routing\Dispatcher.php(85): Dispatcher->_invoke(Object(ScrappersController), Object(CakeRequest), Object(CakeResponse))
#11 C:\wamp\www\cakephp2.1.3\finn_cars\webroot\index.php(92): Dispatcher->dispatch(Object(CakeRequest), Object(CakeResponse))
#12 {main}
2014-06-16 07:45:49 Error: [MissingViewException] View file "C:\wamp\www\cakephp2.1.3\finn_cars\View\Scrappers\delete_all.ctp" is missing.
#0 C:\wamp\www\cakephp2.1.3\lib\Cake\View\View.php(462): View->_getViewFileName(NULL)
#1 C:\wamp\www\cakephp2.1.3\lib\Cake\Controller\Controller.php(959): View->render(NULL, NULL)
#2 C:\wamp\www\cakephp2.1.3\lib\Cake\Routing\Dispatcher.php(110): Controller->render()
#3 C:\wamp\www\cakephp2.1.3\lib\Cake\Routing\Dispatcher.php(85): Dispatcher->_invoke(Object(ScrappersController), Object(CakeRequest), Object(CakeResponse))
#4 C:\wamp\www\cakephp2.1.3\finn_cars\webroot\index.php(92): Dispatcher->dispatch(Object(CakeRequest), Object(CakeResponse))
#5 {main}
2014-11-17 12:23:39 Error: [MissingConnectionException] Database connection "SQLSTATE[28000] [1045] Access denied for user 'root'@'localhost' (using password: NO)" is missing, or could not be created.
#0 /Applications/MAMP/htdocs/cakephp2.1.3/lib/Cake/Model/Datasource/DboSource.php(245): Mysql->connect()
#1 /Applications/MAMP/htdocs/cakephp2.1.3/lib/Cake/Model/ConnectionManager.php(101): DboSource->__construct(Array)
#2 /Applications/MAMP/htdocs/cakephp2.1.3/lib/Cake/Model/Model.php(3417): ConnectionManager::getDataSource('default')
#3 /Applications/MAMP/htdocs/cakephp2.1.3/lib/Cake/Model/Model.php(1083): Model->setDataSource('default')
#4 /Applications/MAMP/htdocs/cakephp2.1.3/lib/Cake/Model/Model.php(3443): Model->setSource('products')
#5 /Applications/MAMP/htdocs/cakephp2.1.3/lib/Cake/Model/Model.php(2698): Model->getDataSource()
#6 /Applications/MAMP/htdocs/cakephp2.1.3/aurelie_scrap_safira/Controller/ScrappersController.php(189): Model->find('first', Array)
#7 /Applications/MAMP/htdocs/cakephp2.1.3/aurelie_scrap_safira/Controller/ScrappersController.php(181): ScrappersController->insert_product(Array)
#8 /Applications/MAMP/htdocs/cakephp2.1.3/aurelie_scrap_safira/Controller/ScrappersController.php(91): ScrappersController->curl_product_page('http://www.safi...')
#9 /Applications/MAMP/htdocs/cakephp2.1.3/aurelie_scrap_safira/Controller/ScrappersController.php(55): ScrappersController->curl_subcategory('http://www.safi...')
#10 [internal function]: ScrappersController->mega_scrap()
#11 /Applications/MAMP/htdocs/cakephp2.1.3/lib/Cake/Controller/Controller.php(485): ReflectionMethod->invokeArgs(Object(ScrappersController), Array)
#12 /Applications/MAMP/htdocs/cakephp2.1.3/lib/Cake/Routing/Dispatcher.php(103): Controller->invokeAction(Object(CakeRequest))
#13 /Applications/MAMP/htdocs/cakephp2.1.3/lib/Cake/Routing/Dispatcher.php(85): Dispatcher->_invoke(Object(ScrappersController), Object(CakeRequest), Object(CakeResponse))
#14 /Applications/MAMP/htdocs/cakephp2.1.3/aurelie_scrap_safira/webroot/index.php(92): Dispatcher->dispatch(Object(CakeRequest), Object(CakeResponse))
#15 {main}
2014-11-18 06:29:47 Error: [PDOException] SQLSTATE[23000]: Integrity constraint violation: 1048 Column 'category' cannot be null
#0 /Applications/MAMP/htdocs/cakephp2.1.3/lib/Cake/Model/Datasource/DboSource.php(437): PDOStatement->execute(Array)
#1 /Applications/MAMP/htdocs/cakephp2.1.3/lib/Cake/Model/Datasource/DboSource.php(403): DboSource->_execute('INSERT INTO `ca...', Array)
#2 /Applications/MAMP/htdocs/cakephp2.1.3/lib/Cake/Model/Datasource/DboSource.php(985): DboSource->execute('INSERT INTO `ca...')
#3 /Applications/MAMP/htdocs/cakephp2.1.3/lib/Cake/Model/Model.php(1721): DboSource->create(Object(AppModel), Array, Array)
#4 /Applications/MAMP/htdocs/cakephp2.1.3/aurelie_scrap_safira/Controller/ScrappersController.php(329): Model->save(Array)
#5 /Applications/MAMP/htdocs/cakephp2.1.3/aurelie_scrap_safira/Controller/ScrappersController.php(214): ScrappersController->insert_product(Array)
#6 /Applications/MAMP/htdocs/cakephp2.1.3/aurelie_scrap_safira/Controller/ScrappersController.php(115): ScrappersController->curl_product_page('http://www.safi...')
#7 /Applications/MAMP/htdocs/cakephp2.1.3/aurelie_scrap_safira/Controller/ScrappersController.php(77): ScrappersController->curl_subcategory('http://www.safi...')
#8 [internal function]: ScrappersController->mega_scrap()
#9 /Applications/MAMP/htdocs/cakephp2.1.3/lib/Cake/Controller/Controller.php(485): ReflectionMethod->invokeArgs(Object(ScrappersController), Array)
#10 /Applications/MAMP/htdocs/cakephp2.1.3/lib/Cake/Routing/Dispatcher.php(103): Controller->invokeAction(Object(CakeRequest))
#11 /Applications/MAMP/htdocs/cakephp2.1.3/lib/Cake/Routing/Dispatcher.php(85): Dispatcher->_invoke(Object(ScrappersController), Object(CakeRequest), Object(CakeResponse))
#12 /Applications/MAMP/htdocs/cakephp2.1.3/aurelie_scrap_safira/webroot/index.php(92): Dispatcher->dispatch(Object(CakeRequest), Object(CakeResponse))
#13 {main}
2014-11-18 06:38:19 Error: [PDOException] SQLSTATE[23000]: Integrity constraint violation: 1048 Column 'category' cannot be null
#0 /Applications/MAMP/htdocs/cakephp2.1.3/lib/Cake/Model/Datasource/DboSource.php(437): PDOStatement->execute(Array)
#1 /Applications/MAMP/htdocs/cakephp2.1.3/lib/Cake/Model/Datasource/DboSource.php(403): DboSource->_execute('INSERT INTO `ca...', Array)
#2 /Applications/MAMP/htdocs/cakephp2.1.3/lib/Cake/Model/Datasource/DboSource.php(985): DboSource->execute('INSERT INTO `ca...')
#3 /Applications/MAMP/htdocs/cakephp2.1.3/lib/Cake/Model/Model.php(1721): DboSource->create(Object(AppModel), Array, Array)
#4 /Applications/MAMP/htdocs/cakephp2.1.3/aurelie_scrap_safira/Controller/ScrappersController.php(331): Model->save(Array)
#5 /Applications/MAMP/htdocs/cakephp2.1.3/aurelie_scrap_safira/Controller/ScrappersController.php(214): ScrappersController->insert_product(Array)
#6 /Applications/MAMP/htdocs/cakephp2.1.3/aurelie_scrap_safira/Controller/ScrappersController.php(115): ScrappersController->curl_product_page('http://www.safi...')
#7 /Applications/MAMP/htdocs/cakephp2.1.3/aurelie_scrap_safira/Controller/ScrappersController.php(77): ScrappersController->curl_subcategory('http://www.safi...')
#8 [internal function]: ScrappersController->mega_scrap()
#9 /Applications/MAMP/htdocs/cakephp2.1.3/lib/Cake/Controller/Controller.php(485): ReflectionMethod->invokeArgs(Object(ScrappersController), Array)
#10 /Applications/MAMP/htdocs/cakephp2.1.3/lib/Cake/Routing/Dispatcher.php(103): Controller->invokeAction(Object(CakeRequest))
#11 /Applications/MAMP/htdocs/cakephp2.1.3/lib/Cake/Routing/Dispatcher.php(85): Dispatcher->_invoke(Object(ScrappersController), Object(CakeRequest), Object(CakeResponse))
#12 /Applications/MAMP/htdocs/cakephp2.1.3/aurelie_scrap_safira/webroot/index.php(92): Dispatcher->dispatch(Object(CakeRequest), Object(CakeResponse))
#13 {main}
2014-11-18 06:39:21 Error: [PDOException] SQLSTATE[23000]: Integrity constraint violation: 1048 Column 'category' cannot be null
#0 /Applications/MAMP/htdocs/cakephp2.1.3/lib/Cake/Model/Datasource/DboSource.php(437): PDOStatement->execute(Array)
#1 /Applications/MAMP/htdocs/cakephp2.1.3/lib/Cake/Model/Datasource/DboSource.php(403): DboSource->_execute('INSERT INTO `ca...', Array)
#2 /Applications/MAMP/htdocs/cakephp2.1.3/lib/Cake/Model/Datasource/DboSource.php(985): DboSource->execute('INSERT INTO `ca...')
#3 /Applications/MAMP/htdocs/cakephp2.1.3/lib/Cake/Model/Model.php(1721): DboSource->create(Object(AppModel), Array, Array)
#4 /Applications/MAMP/htdocs/cakephp2.1.3/aurelie_scrap_safira/Controller/ScrappersController.php(331): Model->save(Array)
#5 /Applications/MAMP/htdocs/cakephp2.1.3/aurelie_scrap_safira/Controller/ScrappersController.php(214): ScrappersController->insert_product(Array)
#6 /Applications/MAMP/htdocs/cakephp2.1.3/aurelie_scrap_safira/Controller/ScrappersController.php(115): ScrappersController->curl_product_page('http://www.safi...')
#7 /Applications/MAMP/htdocs/cakephp2.1.3/aurelie_scrap_safira/Controller/ScrappersController.php(77): ScrappersController->curl_subcategory('http://www.safi...')
#8 [internal function]: ScrappersController->mega_scrap()
#9 /Applications/MAMP/htdocs/cakephp2.1.3/lib/Cake/Controller/Controller.php(485): ReflectionMethod->invokeArgs(Object(ScrappersController), Array)
#10 /Applications/MAMP/htdocs/cakephp2.1.3/lib/Cake/Routing/Dispatcher.php(103): Controller->invokeAction(Object(CakeRequest))
#11 /Applications/MAMP/htdocs/cakephp2.1.3/lib/Cake/Routing/Dispatcher.php(85): Dispatcher->_invoke(Object(ScrappersController), Object(CakeRequest), Object(CakeResponse))
#12 /Applications/MAMP/htdocs/cakephp2.1.3/aurelie_scrap_safira/webroot/index.php(92): Dispatcher->dispatch(Object(CakeRequest), Object(CakeResponse))
#13 {main}
2014-11-20 10:47:06 Error: [MissingViewException] View file "/Applications/MAMP/htdocs/cakephp2.1.3/aurelie_scrap_safira/View/Scrappers/export_variations_csv.ctp" is missing.
#0 /Applications/MAMP/htdocs/cakephp2.1.3/lib/Cake/View/View.php(462): View->_getViewFileName(NULL)
#1 /Applications/MAMP/htdocs/cakephp2.1.3/lib/Cake/Controller/Controller.php(959): View->render(NULL, NULL)
#2 /Applications/MAMP/htdocs/cakephp2.1.3/lib/Cake/Routing/Dispatcher.php(110): Controller->render()
#3 /Applications/MAMP/htdocs/cakephp2.1.3/lib/Cake/Routing/Dispatcher.php(85): Dispatcher->_invoke(Object(ScrappersController), Object(CakeRequest), Object(CakeResponse))
#4 /Applications/MAMP/htdocs/cakephp2.1.3/aurelie_scrap_safira/webroot/index.php(92): Dispatcher->dispatch(Object(CakeRequest), Object(CakeResponse))
#5 {main}
2014-11-20 10:47:06 Error: [MissingViewException] View file "/Applications/MAMP/htdocs/cakephp2.1.3/aurelie_scrap_safira/View/Scrappers/export_variations_csv.ctp" is missing.
#0 /Applications/MAMP/htdocs/cakephp2.1.3/lib/Cake/View/View.php(462): View->_getViewFileName(NULL)
#1 /Applications/MAMP/htdocs/cakephp2.1.3/lib/Cake/Controller/Controller.php(959): View->render(NULL, NULL)
#2 /Applications/MAMP/htdocs/cakephp2.1.3/lib/Cake/Routing/Dispatcher.php(110): Controller->render()
#3 /Applications/MAMP/htdocs/cakephp2.1.3/lib/Cake/Routing/Dispatcher.php(85): Dispatcher->_invoke(Object(ScrappersController), Object(CakeRequest), Object(CakeResponse))
#4 /Applications/MAMP/htdocs/cakephp2.1.3/aurelie_scrap_safira/webroot/index.php(92): Dispatcher->dispatch(Object(CakeRequest), Object(CakeResponse))
#5 {main}
2014-11-20 10:47:30 Error: [MissingViewException] View file "/Applications/MAMP/htdocs/cakephp2.1.3/aurelie_scrap_safira/View/Scrappers/export_variations_csv.ctp" is missing.
#0 /Applications/MAMP/htdocs/cakephp2.1.3/lib/Cake/View/View.php(462): View->_getViewFileName(NULL)
#1 /Applications/MAMP/htdocs/cakephp2.1.3/lib/Cake/Controller/Controller.php(959): View->render(NULL, NULL)
#2 /Applications/MAMP/htdocs/cakephp2.1.3/lib/Cake/Routing/Dispatcher.php(110): Controller->render()
#3 /Applications/MAMP/htdocs/cakephp2.1.3/lib/Cake/Routing/Dispatcher.php(85): Dispatcher->_invoke(Object(ScrappersController), Object(CakeRequest), Object(CakeResponse))
#4 /Applications/MAMP/htdocs/cakephp2.1.3/aurelie_scrap_safira/webroot/index.php(92): Dispatcher->dispatch(Object(CakeRequest), Object(CakeResponse))
#5 {main}
2014-11-20 10:47:35 Error: [MissingViewException] View file "/Applications/MAMP/htdocs/cakephp2.1.3/aurelie_scrap_safira/View/Scrappers/export_variations_csv.ctp" is missing.
#0 /Applications/MAMP/htdocs/cakephp2.1.3/lib/Cake/View/View.php(462): View->_getViewFileName(NULL)
#1 /Applications/MAMP/htdocs/cakephp2.1.3/lib/Cake/Controller/Controller.php(959): View->render(NULL, NULL)
#2 /Applications/MAMP/htdocs/cakephp2.1.3/lib/Cake/Routing/Dispatcher.php(110): Controller->render()
#3 /Applications/MAMP/htdocs/cakephp2.1.3/lib/Cake/Routing/Dispatcher.php(85): Dispatcher->_invoke(Object(ScrappersController), Object(CakeRequest), Object(CakeResponse))
#4 /Applications/MAMP/htdocs/cakephp2.1.3/aurelie_scrap_safira/webroot/index.php(92): Dispatcher->dispatch(Object(CakeRequest), Object(CakeResponse))
#5 {main}
2014-11-20 10:47:35 Error: [MissingViewException] View file "/Applications/MAMP/htdocs/cakephp2.1.3/aurelie_scrap_safira/View/Scrappers/export_variations_csv.ctp" is missing.
#0 /Applications/MAMP/htdocs/cakephp2.1.3/lib/Cake/View/View.php(462): View->_getViewFileName(NULL)
#1 /Applications/MAMP/htdocs/cakephp2.1.3/lib/Cake/Controller/Controller.php(959): View->render(NULL, NULL)
#2 /Applications/MAMP/htdocs/cakephp2.1.3/lib/Cake/Routing/Dispatcher.php(110): Controller->render()
#3 /Applications/MAMP/htdocs/cakephp2.1.3/lib/Cake/Routing/Dispatcher.php(85): Dispatcher->_invoke(Object(ScrappersController), Object(CakeRequest), Object(CakeResponse))
#4 /Applications/MAMP/htdocs/cakephp2.1.3/aurelie_scrap_safira/webroot/index.php(92): Dispatcher->dispatch(Object(CakeRequest), Object(CakeResponse))
#5 {main}
2014-11-20 10:47:40 Error: [MissingViewException] View file "/Applications/MAMP/htdocs/cakephp2.1.3/aurelie_scrap_safira/View/Scrappers/export_variations_csv.ctp" is missing.
#0 /Applications/MAMP/htdocs/cakephp2.1.3/lib/Cake/View/View.php(462): View->_getViewFileName(NULL)
#1 /Applications/MAMP/htdocs/cakephp2.1.3/lib/Cake/Controller/Controller.php(959): View->render(NULL, NULL)
#2 /Applications/MAMP/htdocs/cakephp2.1.3/lib/Cake/Routing/Dispatcher.php(110): Controller->render()
#3 /Applications/MAMP/htdocs/cakephp2.1.3/lib/Cake/Routing/Dispatcher.php(85): Dispatcher->_invoke(Object(ScrappersController), Object(CakeRequest), Object(CakeResponse))
#4 /Applications/MAMP/htdocs/cakephp2.1.3/aurelie_scrap_safira/webroot/index.php(92): Dispatcher->dispatch(Object(CakeRequest), Object(CakeResponse))
#5 {main}
2014-11-20 10:47:50 Error: [MissingViewException] View file "/Applications/MAMP/htdocs/cakephp2.1.3/aurelie_scrap_safira/View/Scrappers/export_variations_csv.ctp" is missing.
#0 /Applications/MAMP/htdocs/cakephp2.1.3/lib/Cake/View/View.php(462): View->_getViewFileName(NULL)
#1 /Applications/MAMP/htdocs/cakephp2.1.3/lib/Cake/Controller/Controller.php(959): View->render(NULL, NULL)
#2 /Applications/MAMP/htdocs/cakephp2.1.3/lib/Cake/Routing/Dispatcher.php(110): Controller->render()
#3 /Applications/MAMP/htdocs/cakephp2.1.3/lib/Cake/Routing/Dispatcher.php(85): Dispatcher->_invoke(Object(ScrappersController), Object(CakeRequest), Object(CakeResponse))
#4 /Applications/MAMP/htdocs/cakephp2.1.3/aurelie_scrap_safira/webroot/index.php(92): Dispatcher->dispatch(Object(CakeRequest), Object(CakeResponse))
#5 {main}
2014-11-20 10:48:06 Error: [MissingViewException] View file "/Applications/MAMP/htdocs/cakephp2.1.3/aurelie_scrap_safira/View/Scrappers/export_variations_csv.ctp" is missing.
#0 /Applications/MAMP/htdocs/cakephp2.1.3/lib/Cake/View/View.php(462): View->_getViewFileName(NULL)
#1 /Applications/MAMP/htdocs/cakephp2.1.3/lib/Cake/Controller/Controller.php(959): View->render(NULL, NULL)
#2 /Applications/MAMP/htdocs/cakephp2.1.3/lib/Cake/Routing/Dispatcher.php(110): Controller->render()
#3 /Applications/MAMP/htdocs/cakephp2.1.3/lib/Cake/Routing/Dispatcher.php(85): Dispatcher->_invoke(Object(ScrappersController), Object(CakeRequest), Object(CakeResponse))
#4 /Applications/MAMP/htdocs/cakephp2.1.3/aurelie_scrap_safira/webroot/index.php(92): Dispatcher->dispatch(Object(CakeRequest), Object(CakeResponse))
#5 {main}
2014-11-20 10:48:20 Error: [MissingViewException] View file "/Applications/MAMP/htdocs/cakephp2.1.3/aurelie_scrap_safira/View/Scrappers/export_variations_csv.ctp" is missing.
#0 /Applications/MAMP/htdocs/cakephp2.1.3/lib/Cake/View/View.php(462): View->_getViewFileName(NULL)
#1 /Applications/MAMP/htdocs/cakephp2.1.3/lib/Cake/Controller/Controller.php(959): View->render(NULL, NULL)
#2 /Applications/MAMP/htdocs/cakephp2.1.3/lib/Cake/Routing/Dispatcher.php(110): Controller->render()
#3 /Applications/MAMP/htdocs/cakephp2.1.3/lib/Cake/Routing/Dispatcher.php(85): Dispatcher->_invoke(Object(ScrappersController), Object(CakeRequest), Object(CakeResponse))
#4 /Applications/MAMP/htdocs/cakephp2.1.3/aurelie_scrap_safira/webroot/index.php(92): Dispatcher->dispatch(Object(CakeRequest), Object(CakeResponse))
#5 {main}
2014-11-20 10:48:33 Error: [MissingViewException] View file "/Applications/MAMP/htdocs/cakephp2.1.3/aurelie_scrap_safira/View/Scrappers/export_variations_csv.ctp" is missing.
#0 /Applications/MAMP/htdocs/cakephp2.1.3/lib/Cake/View/View.php(462): View->_getViewFileName(NULL)
#1 /Applications/MAMP/htdocs/cakephp2.1.3/lib/Cake/Controller/Controller.php(959): View->render(NULL, NULL)
#2 /Applications/MAMP/htdocs/cakephp2.1.3/lib/Cake/Routing/Dispatcher.php(110): Controller->render()
#3 /Applications/MAMP/htdocs/cakephp2.1.3/lib/Cake/Routing/Dispatcher.php(85): Dispatcher->_invoke(Object(ScrappersController), Object(CakeRequest), Object(CakeResponse))
#4 /Applications/MAMP/htdocs/cakephp2.1.3/aurelie_scrap_safira/webroot/index.php(92): Dispatcher->dispatch(Object(CakeRequest), Object(CakeResponse))
#5 {main}
2014-11-20 10:50:13 Error: [MissingViewException] View file "/Applications/MAMP/htdocs/cakephp2.1.3/aurelie_scrap_safira/View/Scrappers/export_variations_csv.ctp" is missing.
#0 /Applications/MAMP/htdocs/cakephp2.1.3/lib/Cake/View/View.php(462): View->_getViewFileName(NULL)
#1 /Applications/MAMP/htdocs/cakephp2.1.3/lib/Cake/Controller/Controller.php(959): View->render(NULL, NULL)
#2 /Applications/MAMP/htdocs/cakephp2.1.3/lib/Cake/Routing/Dispatcher.php(110): Controller->render()
#3 /Applications/MAMP/htdocs/cakephp2.1.3/lib/Cake/Routing/Dispatcher.php(85): Dispatcher->_invoke(Object(ScrappersController), Object(CakeRequest), Object(CakeResponse))
#4 /Applications/MAMP/htdocs/cakephp2.1.3/aurelie_scrap_safira/webroot/index.php(92): Dispatcher->dispatch(Object(CakeRequest), Object(CakeResponse))
#5 {main}
2014-11-20 10:50:22 Error: [MissingViewException] View file "/Applications/MAMP/htdocs/cakephp2.1.3/aurelie_scrap_safira/View/Scrappers/export_variations_csv.ctp" is missing.
#0 /Applications/MAMP/htdocs/cakephp2.1.3/lib/Cake/View/View.php(462): View->_getViewFileName(NULL)
#1 /Applications/MAMP/htdocs/cakephp2.1.3/lib/Cake/Controller/Controller.php(959): View->render(NULL, NULL)
#2 /Applications/MAMP/htdocs/cakephp2.1.3/lib/Cake/Routing/Dispatcher.php(110): Controller->render()
#3 /Applications/MAMP/htdocs/cakephp2.1.3/lib/Cake/Routing/Dispatcher.php(85): Dispatcher->_invoke(Object(ScrappersController), Object(CakeRequest), Object(CakeResponse))
#4 /Applications/MAMP/htdocs/cakephp2.1.3/aurelie_scrap_safira/webroot/index.php(92): Dispatcher->dispatch(Object(CakeRequest), Object(CakeResponse))
#5 {main}
2014-11-20 10:50:35 Error: [MissingViewException] View file "/Applications/MAMP/htdocs/cakephp2.1.3/aurelie_scrap_safira/View/Scrappers/export_variations_csv.ctp" is missing.
#0 /Applications/MAMP/htdocs/cakephp2.1.3/lib/Cake/View/View.php(462): View->_getViewFileName('export_variatio...')
#1 /Applications/MAMP/htdocs/cakephp2.1.3/lib/Cake/Controller/Controller.php(959): View->render('export_variatio...', NULL)
#2 /Applications/MAMP/htdocs/cakephp2.1.3/aurelie_scrap_safira/Controller/ScrappersController.php(711): Controller->render('export_variatio...')
#3 [internal function]: ScrappersController->export_variations_csv()
#4 /Applications/MAMP/htdocs/cakephp2.1.3/lib/Cake/Controller/Controller.php(485): ReflectionMethod->invokeArgs(Object(ScrappersController), Array)
#5 /Applications/MAMP/htdocs/cakephp2.1.3/lib/Cake/Routing/Dispatcher.php(103): Controller->invokeAction(Object(CakeRequest))
#6 /Applications/MAMP/htdocs/cakephp2.1.3/lib/Cake/Routing/Dispatcher.php(85): Dispatcher->_invoke(Object(ScrappersController), Object(CakeRequest), Object(CakeResponse))
#7 /Applications/MAMP/htdocs/cakephp2.1.3/aurelie_scrap_safira/webroot/index.php(92): Dispatcher->dispatch(Object(CakeRequest), Object(CakeResponse))
#8 {main}
2014-11-20 10:50:48 Error: [MissingViewException] View file "/Applications/MAMP/htdocs/cakephp2.1.3/aurelie_scrap_safira/View/Scrappers/export_variations_csv.ctp" is missing.
#0 /Applications/MAMP/htdocs/cakephp2.1.3/lib/Cake/View/View.php(462): View->_getViewFileName('export_variatio...')
#1 /Applications/MAMP/htdocs/cakephp2.1.3/lib/Cake/Controller/Controller.php(959): View->render('export_variatio...', NULL)
#2 /Applications/MAMP/htdocs/cakephp2.1.3/aurelie_scrap_safira/Controller/ScrappersController.php(711): Controller->render('export_variatio...')
#3 [internal function]: ScrappersController->export_variations_csv()
#4 /Applications/MAMP/htdocs/cakephp2.1.3/lib/Cake/Controller/Controller.php(485): ReflectionMethod->invokeArgs(Object(ScrappersController), Array)
#5 /Applications/MAMP/htdocs/cakephp2.1.3/lib/Cake/Routing/Dispatcher.php(103): Controller->invokeAction(Object(CakeRequest))
#6 /Applications/MAMP/htdocs/cakephp2.1.3/lib/Cake/Routing/Dispatcher.php(85): Dispatcher->_invoke(Object(ScrappersController), Object(CakeRequest), Object(CakeResponse))
#7 /Applications/MAMP/htdocs/cakephp2.1.3/aurelie_scrap_safira/webroot/index.php(92): Dispatcher->dispatch(Object(CakeRequest), Object(CakeResponse))
#8 {main}
2014-11-20 15:03:16 Error: [PDOException] SQLSTATE[23000]: Integrity constraint violation: 1062 Duplicate entry '0' for key 'PRIMARY'
#0 /Applications/MAMP/htdocs/cakephp2.1.3/lib/Cake/Model/Datasource/DboSource.php(437): PDOStatement->execute(Array)
#1 /Applications/MAMP/htdocs/cakephp2.1.3/lib/Cake/Model/Datasource/DboSource.php(403): DboSource->_execute('INSERT INTO `ca...', Array)
#2 /Applications/MAMP/htdocs/cakephp2.1.3/lib/Cake/Model/Datasource/DboSource.php(985): DboSource->execute('INSERT INTO `ca...')
#3 /Applications/MAMP/htdocs/cakephp2.1.3/lib/Cake/Model/Model.php(1721): DboSource->create(Object(AppModel), Array, Array)
#4 /Applications/MAMP/htdocs/cakephp2.1.3/aurelie_scrap_safira/Controller/ScrappersController.php(443): Model->save(Array)
#5 /Applications/MAMP/htdocs/cakephp2.1.3/aurelie_scrap_safira/Controller/ScrappersController.php(415): ScrappersController->insert_product(Array)
#6 /Applications/MAMP/htdocs/cakephp2.1.3/aurelie_scrap_safira/Controller/ScrappersController.php(322): ScrappersController->process_variations(Array, '<option value="...', 'length')
#7 /Applications/MAMP/htdocs/cakephp2.1.3/aurelie_scrap_safira/Controller/ScrappersController.php(259): ScrappersController->insert_product_variations(Array, '<!DOCTYPE HTML ...')
#8 /Applications/MAMP/htdocs/cakephp2.1.3/aurelie_scrap_safira/Controller/ScrappersController.php(145): ScrappersController->curl_product_page('http://www.safi...')
#9 /Applications/MAMP/htdocs/cakephp2.1.3/aurelie_scrap_safira/Controller/ScrappersController.php(69): ScrappersController->curl_subcategory('http://www.safi...')
#10 [internal function]: ScrappersController->mega_scrap()
#11 /Applications/MAMP/htdocs/cakephp2.1.3/lib/Cake/Controller/Controller.php(485): ReflectionMethod->invokeArgs(Object(ScrappersController), Array)
#12 /Applications/MAMP/htdocs/cakephp2.1.3/lib/Cake/Routing/Dispatcher.php(103): Controller->invokeAction(Object(CakeRequest))
#13 /Applications/MAMP/htdocs/cakephp2.1.3/lib/Cake/Routing/Dispatcher.php(85): Dispatcher->_invoke(Object(ScrappersController), Object(CakeRequest), Object(CakeResponse))
#14 /Applications/MAMP/htdocs/cakephp2.1.3/aurelie_scrap_safira/webroot/index.php(92): Dispatcher->dispatch(Object(CakeRequest), Object(CakeResponse))
#15 {main}
2014-11-20 14:15:18 Error: [PDOException] SQLSTATE[42S02]: Base table or view not found: 1146 Table 'aurelie.products' doesn't exist
#0 /var/www/vhosts/tv0.no/httpdocs/aurelie.no/iscrap/lib/Cake/Model/Datasource/DboSource.php(437): PDOStatement->execute(Array)
#1 /var/www/vhosts/tv0.no/httpdocs/aurelie.no/iscrap/lib/Cake/Model/Datasource/DboSource.php(403): DboSource->_execute('TRUNCATE TABLE ...', Array)
#2 /var/www/vhosts/tv0.no/httpdocs/aurelie.no/iscrap/lib/Cake/Model/Datasource/DboSource.php(647): DboSource->execute('TRUNCATE TABLE ...', Array, Array)
#3 /var/www/vhosts/tv0.no/httpdocs/aurelie.no/iscrap/lib/Cake/Model/Datasource/DboSource.php(516): DboSource->fetchAll('TRUNCATE TABLE ...')
#4 [internal function]: DboSource->query('TRUNCATE TABLE ...')
#5 /var/www/vhosts/tv0.no/httpdocs/aurelie.no/iscrap/lib/Cake/Model/Model.php(3055): call_user_func_array(Array, Array)
#6 /var/www/vhosts/tv0.no/httpdocs/aurelie.no/iscrap/aurelie_scrap_safira/Controller/ScrappersController.php(32): Model->query('TRUNCATE TABLE ...')
#7 [internal function]: ScrappersController->mega_scrap()
#8 /var/www/vhosts/tv0.no/httpdocs/aurelie.no/iscrap/lib/Cake/Controller/Controller.php(485): ReflectionMethod->invokeArgs(Object(ScrappersController), Array)
#9 /var/www/vhosts/tv0.no/httpdocs/aurelie.no/iscrap/lib/Cake/Routing/Dispatcher.php(103): Controller->invokeAction(Object(CakeRequest))
#10 /var/www/vhosts/tv0.no/httpdocs/aurelie.no/iscrap/lib/Cake/Routing/Dispatcher.php(85): Dispatcher->_invoke(Object(ScrappersController), Object(CakeRequest), Object(CakeResponse))
#11 /var/www/vhosts/tv0.no/httpdocs/aurelie.no/iscrap/aurelie_scrap_safira/webroot/index.php(92): Dispatcher->dispatch(Object(CakeRequest), Object(CakeResponse))
#12 {main}
2014-11-20 14:16:57 Error: [PDOException] SQLSTATE[42S02]: Base table or view not found: 1146 Table 'aurelie.products' doesn't exist
#0 /var/www/vhosts/tv0.no/httpdocs/aurelie.no/iscrap/lib/Cake/Model/Datasource/DboSource.php(437): PDOStatement->execute(Array)
#1 /var/www/vhosts/tv0.no/httpdocs/aurelie.no/iscrap/lib/Cake/Model/Datasource/DboSource.php(403): DboSource->_execute('TRUNCATE TABLE ...', Array)
#2 /var/www/vhosts/tv0.no/httpdocs/aurelie.no/iscrap/lib/Cake/Model/Datasource/DboSource.php(647): DboSource->execute('TRUNCATE TABLE ...', Array, Array)
#3 /var/www/vhosts/tv0.no/httpdocs/aurelie.no/iscrap/lib/Cake/Model/Datasource/DboSource.php(516): DboSource->fetchAll('TRUNCATE TABLE ...')
#4 [internal function]: DboSource->query('TRUNCATE TABLE ...')
#5 /var/www/vhosts/tv0.no/httpdocs/aurelie.no/iscrap/lib/Cake/Model/Model.php(3055): call_user_func_array(Array, Array)
#6 /var/www/vhosts/tv0.no/httpdocs/aurelie.no/iscrap/aurelie_scrap_safira/Controller/ScrappersController.php(32): Model->query('TRUNCATE TABLE ...')
#7 [internal function]: ScrappersController->mega_scrap()
#8 /var/www/vhosts/tv0.no/httpdocs/aurelie.no/iscrap/lib/Cake/Controller/Controller.php(485): ReflectionMethod->invokeArgs(Object(ScrappersController), Array)
#9 /var/www/vhosts/tv0.no/httpdocs/aurelie.no/iscrap/lib/Cake/Routing/Dispatcher.php(103): Controller->invokeAction(Object(CakeRequest))
#10 /var/www/vhosts/tv0.no/httpdocs/aurelie.no/iscrap/lib/Cake/Routing/Dispatcher.php(85): Dispatcher->_invoke(Object(ScrappersController), Object(CakeRequest), Object(CakeResponse))
#11 /var/www/vhosts/tv0.no/httpdocs/aurelie.no/iscrap/aurelie_scrap_safira/webroot/index.php(92): Dispatcher->dispatch(Object(CakeRequest), Object(CakeResponse))
#12 {main}
2014-11-20 14:17:04 Error: [PDOException] SQLSTATE[42S02]: Base table or view not found: 1146 Table 'aurelie.products' doesn't exist
#0 /var/www/vhosts/tv0.no/httpdocs/aurelie.no/iscrap/lib/Cake/Model/Datasource/DboSource.php(437): PDOStatement->execute(Array)
#1 /var/www/vhosts/tv0.no/httpdocs/aurelie.no/iscrap/lib/Cake/Model/Datasource/DboSource.php(403): DboSource->_execute('TRUNCATE TABLE ...', Array)
#2 /var/www/vhosts/tv0.no/httpdocs/aurelie.no/iscrap/lib/Cake/Model/Datasource/DboSource.php(647): DboSource->execute('TRUNCATE TABLE ...', Array, Array)
#3 /var/www/vhosts/tv0.no/httpdocs/aurelie.no/iscrap/lib/Cake/Model/Datasource/DboSource.php(516): DboSource->fetchAll('TRUNCATE TABLE ...')
#4 [internal function]: DboSource->query('TRUNCATE TABLE ...')
#5 /var/www/vhosts/tv0.no/httpdocs/aurelie.no/iscrap/lib/Cake/Model/Model.php(3055): call_user_func_array(Array, Array)
#6 /var/www/vhosts/tv0.no/httpdocs/aurelie.no/iscrap/aurelie_scrap_safira/Controller/ScrappersController.php(32): Model->query('TRUNCATE TABLE ...')
#7 [internal function]: ScrappersController->mega_scrap()
#8 /var/www/vhosts/tv0.no/httpdocs/aurelie.no/iscrap/lib/Cake/Controller/Controller.php(485): ReflectionMethod->invokeArgs(Object(ScrappersController), Array)
#9 /var/www/vhosts/tv0.no/httpdocs/aurelie.no/iscrap/lib/Cake/Routing/Dispatcher.php(103): Controller->invokeAction(Object(CakeRequest))
#10 /var/www/vhosts/tv0.no/httpdocs/aurelie.no/iscrap/lib/Cake/Routing/Dispatcher.php(85): Dispatcher->_invoke(Object(ScrappersController), Object(CakeRequest), Object(CakeResponse))
#11 /var/www/vhosts/tv0.no/httpdocs/aurelie.no/iscrap/aurelie_scrap_safira/webroot/index.php(92): Dispatcher->dispatch(Object(CakeRequest), Object(CakeResponse))
#12 {main}
2014-11-20 14:17:25 Error: [MissingTableException] Table scrap_products for model Product was not found in datasource default.
#0 /var/www/vhosts/tv0.no/httpdocs/aurelie.no/iscrap/lib/Cake/Model/Model.php(3443): Model->setSource('products')
#1 /var/www/vhosts/tv0.no/httpdocs/aurelie.no/iscrap/lib/Cake/Model/Model.php(3054): Model->getDataSource()
#2 /var/www/vhosts/tv0.no/httpdocs/aurelie.no/iscrap/aurelie_scrap_safira/Controller/ScrappersController.php(32): Model->query('TRUNCATE TABLE ...')
#3 [internal function]: ScrappersController->mega_scrap()
#4 /var/www/vhosts/tv0.no/httpdocs/aurelie.no/iscrap/lib/Cake/Controller/Controller.php(485): ReflectionMethod->invokeArgs(Object(ScrappersController), Array)
#5 /var/www/vhosts/tv0.no/httpdocs/aurelie.no/iscrap/lib/Cake/Routing/Dispatcher.php(103): Controller->invokeAction(Object(CakeRequest))
#6 /var/www/vhosts/tv0.no/httpdocs/aurelie.no/iscrap/lib/Cake/Routing/Dispatcher.php(85): Dispatcher->_invoke(Object(ScrappersController), Object(CakeRequest), Object(CakeResponse))
#7 /var/www/vhosts/tv0.no/httpdocs/aurelie.no/iscrap/aurelie_scrap_safira/webroot/index.php(92): Dispatcher->dispatch(Object(CakeRequest), Object(CakeResponse))
#8 {main}
2014-11-20 14:17:47 Error: [PDOException] SQLSTATE[42S02]: Base table or view not found: 1146 Table 'aurelie.products' doesn't exist
#0 /var/www/vhosts/tv0.no/httpdocs/aurelie.no/iscrap/lib/Cake/Model/Datasource/DboSource.php(437): PDOStatement->execute(Array)
#1 /var/www/vhosts/tv0.no/httpdocs/aurelie.no/iscrap/lib/Cake/Model/Datasource/DboSource.php(403): DboSource->_execute('TRUNCATE TABLE ...', Array)
#2 /var/www/vhosts/tv0.no/httpdocs/aurelie.no/iscrap/lib/Cake/Model/Datasource/DboSource.php(647): DboSource->execute('TRUNCATE TABLE ...', Array, Array)
#3 /var/www/vhosts/tv0.no/httpdocs/aurelie.no/iscrap/lib/Cake/Model/Datasource/DboSource.php(516): DboSource->fetchAll('TRUNCATE TABLE ...')
#4 [internal function]: DboSource->query('TRUNCATE TABLE ...')
#5 /var/www/vhosts/tv0.no/httpdocs/aurelie.no/iscrap/lib/Cake/Model/Model.php(3055): call_user_func_array(Array, Array)
#6 /var/www/vhosts/tv0.no/httpdocs/aurelie.no/iscrap/aurelie_scrap_safira/Controller/ScrappersController.php(32): Model->query('TRUNCATE TABLE ...')
#7 [internal function]: ScrappersController->mega_scrap()
#8 /var/www/vhosts/tv0.no/httpdocs/aurelie.no/iscrap/lib/Cake/Controller/Controller.php(485): ReflectionMethod->invokeArgs(Object(ScrappersController), Array)
#9 /var/www/vhosts/tv0.no/httpdocs/aurelie.no/iscrap/lib/Cake/Routing/Dispatcher.php(103): Controller->invokeAction(Object(CakeRequest))
#10 /var/www/vhosts/tv0.no/httpdocs/aurelie.no/iscrap/lib/Cake/Routing/Dispatcher.php(85): Dispatcher->_invoke(Object(ScrappersController), Object(CakeRequest), Object(CakeResponse))
#11 /var/www/vhosts/tv0.no/httpdocs/aurelie.no/iscrap/aurelie_scrap_safira/webroot/index.php(92): Dispatcher->dispatch(Object(CakeRequest), Object(CakeResponse))
#12 {main}
2014-11-20 14:18:21 Error: [PDOException] SQLSTATE[23000]: Integrity constraint violation: 1062 Duplicate entry '0' for key 'PRIMARY'
#0 /var/www/vhosts/tv0.no/httpdocs/aurelie.no/iscrap/lib/Cake/Model/Datasource/DboSource.php(437): PDOStatement->execute(Array)
#1 /var/www/vhosts/tv0.no/httpdocs/aurelie.no/iscrap/lib/Cake/Model/Datasource/DboSource.php(403): DboSource->_execute('INSERT INTO `au...', Array)
#2 /var/www/vhosts/tv0.no/httpdocs/aurelie.no/iscrap/lib/Cake/Model/Datasource/DboSource.php(985): DboSource->execute('INSERT INTO `au...')
#3 /var/www/vhosts/tv0.no/httpdocs/aurelie.no/iscrap/lib/Cake/Model/Model.php(1721): DboSource->create(Object(AppModel), Array, Array)
#4 /var/www/vhosts/tv0.no/httpdocs/aurelie.no/iscrap/aurelie_scrap_safira/Controller/ScrappersController.php(443): Model->save(Array)
#5 /var/www/vhosts/tv0.no/httpdocs/aurelie.no/iscrap/aurelie_scrap_safira/Controller/ScrappersController.php(415): ScrappersController->insert_product(Array)
#6 /var/www/vhosts/tv0.no/httpdocs/aurelie.no/iscrap/aurelie_scrap_safira/Controller/ScrappersController.php(322): ScrappersController->process_variations(Array, '<option value="...', 'length')
#7 /var/www/vhosts/tv0.no/httpdocs/aurelie.no/iscrap/aurelie_scrap_safira/Controller/ScrappersController.php(259): ScrappersController->insert_product_variations(Array, '<!DOCTYPE HTML ...')
#8 /var/www/vhosts/tv0.no/httpdocs/aurelie.no/iscrap/aurelie_scrap_safira/Controller/ScrappersController.php(145): ScrappersController->curl_product_page('http://www.safi...')
#9 /var/www/vhosts/tv0.no/httpdocs/aurelie.no/iscrap/aurelie_scrap_safira/Controller/ScrappersController.php(69): ScrappersController->curl_subcategory('http://www.safi...')
#10 [internal function]: ScrappersController->mega_scrap()
#11 /var/www/vhosts/tv0.no/httpdocs/aurelie.no/iscrap/lib/Cake/Controller/Controller.php(485): ReflectionMethod->invokeArgs(Object(ScrappersController), Array)
#12 /var/www/vhosts/tv0.no/httpdocs/aurelie.no/iscrap/lib/Cake/Routing/Dispatcher.php(103): Controller->invokeAction(Object(CakeRequest))
#13 /var/www/vhosts/tv0.no/httpdocs/aurelie.no/iscrap/lib/Cake/Routing/Dispatcher.php(85): Dispatcher->_invoke(Object(ScrappersController), Object(CakeRequest), Object(CakeResponse))
#14 /var/www/vhosts/tv0.no/httpdocs/aurelie.no/iscrap/aurelie_scrap_safira/webroot/index.php(92): Dispatcher->dispatch(Object(CakeRequest), Object(CakeResponse))
#15 {main}
2014-11-20 14:19:03 Error: [PDOException] SQLSTATE[23000]: Integrity constraint violation: 1062 Duplicate entry '0' for key 'PRIMARY'
#0 /var/www/vhosts/tv0.no/httpdocs/aurelie.no/iscrap/lib/Cake/Model/Datasource/DboSource.php(437): PDOStatement->execute(Array)
#1 /var/www/vhosts/tv0.no/httpdocs/aurelie.no/iscrap/lib/Cake/Model/Datasource/DboSource.php(403): DboSource->_execute('INSERT INTO `au...', Array)
#2 /var/www/vhosts/tv0.no/httpdocs/aurelie.no/iscrap/lib/Cake/Model/Datasource/DboSource.php(985): DboSource->execute('INSERT INTO `au...')
#3 /var/www/vhosts/tv0.no/httpdocs/aurelie.no/iscrap/lib/Cake/Model/Model.php(1721): DboSource->create(Object(AppModel), Array, Array)
#4 /var/www/vhosts/tv0.no/httpdocs/aurelie.no/iscrap/aurelie_scrap_safira/Controller/ScrappersController.php(443): Model->save(Array)
#5 /var/www/vhosts/tv0.no/httpdocs/aurelie.no/iscrap/aurelie_scrap_safira/Controller/ScrappersController.php(415): ScrappersController->insert_product(Array)
#6 /var/www/vhosts/tv0.no/httpdocs/aurelie.no/iscrap/aurelie_scrap_safira/Controller/ScrappersController.php(322): ScrappersController->process_variations(Array, '<option value="...', 'length')
#7 /var/www/vhosts/tv0.no/httpdocs/aurelie.no/iscrap/aurelie_scrap_safira/Controller/ScrappersController.php(259): ScrappersController->insert_product_variations(Array, '<!DOCTYPE HTML ...')
#8 /var/www/vhosts/tv0.no/httpdocs/aurelie.no/iscrap/aurelie_scrap_safira/Controller/ScrappersController.php(145): ScrappersController->curl_product_page('http://www.safi...')
#9 /var/www/vhosts/tv0.no/httpdocs/aurelie.no/iscrap/aurelie_scrap_safira/Controller/ScrappersController.php(69): ScrappersController->curl_subcategory('http://www.safi...')
#10 [internal function]: ScrappersController->mega_scrap()
#11 /var/www/vhosts/tv0.no/httpdocs/aurelie.no/iscrap/lib/Cake/Controller/Controller.php(485): ReflectionMethod->invokeArgs(Object(ScrappersController), Array)
#12 /var/www/vhosts/tv0.no/httpdocs/aurelie.no/iscrap/lib/Cake/Routing/Dispatcher.php(103): Controller->invokeAction(Object(CakeRequest))
#13 /var/www/vhosts/tv0.no/httpdocs/aurelie.no/iscrap/lib/Cake/Routing/Dispatcher.php(85): Dispatcher->_invoke(Object(ScrappersController), Object(CakeRequest), Object(CakeResponse))
#14 /var/www/vhosts/tv0.no/httpdocs/aurelie.no/iscrap/aurelie_scrap_safira/webroot/index.php(92): Dispatcher->dispatch(Object(CakeRequest), Object(CakeResponse))
#15 {main}
2014-11-20 14:20:24 Error: [PDOException] SQLSTATE[23000]: Integrity constraint violation: 1062 Duplicate entry '0' for key 'PRIMARY'
#0 /var/www/vhosts/tv0.no/httpdocs/aurelie.no/iscrap/lib/Cake/Model/Datasource/DboSource.php(437): PDOStatement->execute(Array)
#1 /var/www/vhosts/tv0.no/httpdocs/aurelie.no/iscrap/lib/Cake/Model/Datasource/DboSource.php(403): DboSource->_execute('INSERT INTO `au...', Array)
#2 /var/www/vhosts/tv0.no/httpdocs/aurelie.no/iscrap/lib/Cake/Model/Datasource/DboSource.php(985): DboSource->execute('INSERT INTO `au...')
#3 /var/www/vhosts/tv0.no/httpdocs/aurelie.no/iscrap/lib/Cake/Model/Model.php(1721): DboSource->create(Object(AppModel), Array, Array)
#4 /var/www/vhosts/tv0.no/httpdocs/aurelie.no/iscrap/aurelie_scrap_safira/Controller/ScrappersController.php(443): Model->save(Array)
#5 /var/www/vhosts/tv0.no/httpdocs/aurelie.no/iscrap/aurelie_scrap_safira/Controller/ScrappersController.php(415): ScrappersController->insert_product(Array)
#6 /var/www/vhosts/tv0.no/httpdocs/aurelie.no/iscrap/aurelie_scrap_safira/Controller/ScrappersController.php(322): ScrappersController->process_variations(Array, '<option value="...', 'length')
#7 /var/www/vhosts/tv0.no/httpdocs/aurelie.no/iscrap/aurelie_scrap_safira/Controller/ScrappersController.php(259): ScrappersController->insert_product_variations(Array, '<!DOCTYPE HTML ...')
#8 /var/www/vhosts/tv0.no/httpdocs/aurelie.no/iscrap/aurelie_scrap_safira/Controller/ScrappersController.php(145): ScrappersController->curl_product_page('http://www.safi...')
#9 /var/www/vhosts/tv0.no/httpdocs/aurelie.no/iscrap/aurelie_scrap_safira/Controller/ScrappersController.php(69): ScrappersController->curl_subcategory('http://www.safi...')
#10 [internal function]: ScrappersController->mega_scrap()
#11 /var/www/vhosts/tv0.no/httpdocs/aurelie.no/iscrap/lib/Cake/Controller/Controller.php(485): ReflectionMethod->invokeArgs(Object(ScrappersController), Array)
#12 /var/www/vhosts/tv0.no/httpdocs/aurelie.no/iscrap/lib/Cake/Routing/Dispatcher.php(103): Controller->invokeAction(Object(CakeRequest))
#13 /var/www/vhosts/tv0.no/httpdocs/aurelie.no/iscrap/lib/Cake/Routing/Dispatcher.php(85): Dispatcher->_invoke(Object(ScrappersController), Object(CakeRequest), Object(CakeResponse))
#14 /var/www/vhosts/tv0.no/httpdocs/aurelie.no/iscrap/aurelie_scrap_safira/webroot/index.php(92): Dispatcher->dispatch(Object(CakeRequest), Object(CakeResponse))
#15 {main}
2014-11-20 14:21:09 Error: [PDOException] SQLSTATE[23000]: Integrity constraint violation: 1062 Duplicate entry '0' for key 'PRIMARY'
#0 /var/www/vhosts/tv0.no/httpdocs/aurelie.no/iscrap/lib/Cake/Model/Datasource/DboSource.php(437): PDOStatement->execute(Array)
#1 /var/www/vhosts/tv0.no/httpdocs/aurelie.no/iscrap/lib/Cake/Model/Datasource/DboSource.php(403): DboSource->_execute('INSERT INTO `au...', Array)
#2 /var/www/vhosts/tv0.no/httpdocs/aurelie.no/iscrap/lib/Cake/Model/Datasource/DboSource.php(985): DboSource->execute('INSERT INTO `au...')
#3 /var/www/vhosts/tv0.no/httpdocs/aurelie.no/iscrap/lib/Cake/Model/Model.php(1721): DboSource->create(Object(AppModel), Array, Array)
#4 /var/www/vhosts/tv0.no/httpdocs/aurelie.no/iscrap/aurelie_scrap_safira/Controller/ScrappersController.php(443): Model->save(Array)
#5 /var/www/vhosts/tv0.no/httpdocs/aurelie.no/iscrap/aurelie_scrap_safira/Controller/ScrappersController.php(415): ScrappersController->insert_product(Array)
#6 /var/www/vhosts/tv0.no/httpdocs/aurelie.no/iscrap/aurelie_scrap_safira/Controller/ScrappersController.php(322): ScrappersController->process_variations(Array, '<option value="...', 'length')
#7 /var/www/vhosts/tv0.no/httpdocs/aurelie.no/iscrap/aurelie_scrap_safira/Controller/ScrappersController.php(259): ScrappersController->insert_product_variations(Array, '<!DOCTYPE HTML ...')
#8 /var/www/vhosts/tv0.no/httpdocs/aurelie.no/iscrap/aurelie_scrap_safira/Controller/ScrappersController.php(145): ScrappersController->curl_product_page('http://www.safi...')
#9 /var/www/vhosts/tv0.no/httpdocs/aurelie.no/iscrap/aurelie_scrap_safira/Controller/ScrappersController.php(69): ScrappersController->curl_subcategory('http://www.safi...')
#10 [internal function]: ScrappersController->mega_scrap()
#11 /var/www/vhosts/tv0.no/httpdocs/aurelie.no/iscrap/lib/Cake/Controller/Controller.php(485): ReflectionMethod->invokeArgs(Object(ScrappersController), Array)
#12 /var/www/vhosts/tv0.no/httpdocs/aurelie.no/iscrap/lib/Cake/Routing/Dispatcher.php(103): Controller->invokeAction(Object(CakeRequest))
#13 /var/www/vhosts/tv0.no/httpdocs/aurelie.no/iscrap/lib/Cake/Routing/Dispatcher.php(85): Dispatcher->_invoke(Object(ScrappersController), Object(CakeRequest), Object(CakeResponse))
#14 /var/www/vhosts/tv0.no/httpdocs/aurelie.no/iscrap/aurelie_scrap_safira/webroot/index.php(92): Dispatcher->dispatch(Object(CakeRequest), Object(CakeResponse))
#15 {main}
2014-11-21 02:58:05 Error: [MissingTableException] Table scrap_urls for model Url was not found in datasource default.
#0 /var/www/vhosts/tv0.no/httpdocs/aurelie.no/iscrap/lib/Cake/Model/Model.php(3443): Model->setSource('urls')
#1 /var/www/vhosts/tv0.no/httpdocs/aurelie.no/iscrap/lib/Cake/Model/Datasource/DboSource.php(1044): Model->getDataSource()
#2 /var/www/vhosts/tv0.no/httpdocs/aurelie.no/iscrap/lib/Cake/Model/Model.php(2698): DboSource->read(Object(Product), Array)
#3 /var/www/vhosts/tv0.no/httpdocs/aurelie.no/iscrap/aurelie_scrap/Controller/ProductsController.php(12): Model->find('all')
#4 [internal function]: ProductsController->index()
#5 /var/www/vhosts/tv0.no/httpdocs/aurelie.no/iscrap/lib/Cake/Controller/Controller.php(485): ReflectionMethod->invokeArgs(Object(ProductsController), Array)
#6 /var/www/vhosts/tv0.no/httpdocs/aurelie.no/iscrap/lib/Cake/Routing/Dispatcher.php(103): Controller->invokeAction(Object(CakeRequest))
#7 /var/www/vhosts/tv0.no/httpdocs/aurelie.no/iscrap/lib/Cake/Routing/Dispatcher.php(85): Dispatcher->_invoke(Object(ProductsController), Object(CakeRequest), Object(CakeResponse))
#8 /var/www/vhosts/tv0.no/httpdocs/aurelie.no/iscrap/aurelie_scrap_safira/webroot/index.php(92): Dispatcher->dispatch(Object(CakeRequest), Object(CakeResponse))
#9 {main}
2014-11-21 06:40:20 Error: [MissingControllerException] Controller class NewMegaScrapController could not be found.
#0 /var/www/vhosts/tv0.no/httpdocs/aurelie.no/iscrap/aurelie_scrap_safira/webroot/index.php(92): Dispatcher->dispatch(Object(CakeRequest), Object(CakeResponse))
#1 {main}
